This file contains any messages produced by compilers while
running configure, to aid debugging if configure makes a mistake.

It was created by IT++ configure 4.2, which was
generated by GNU Autoconf 2.65.  Invocation command line was

  $ ./configure --without-fft

## --------- ##
## Platform. ##
## --------- ##

hostname = sunkai.local
uname -m = x86_64
uname -r = 12.2.1
uname -s = Darwin
uname -v = Darwin Kernel Version 12.2.1: Thu Oct 18 16:32:48 PDT 2012; root:xnu-2050.20.9~2/RELEASE_X86_64

/usr/bin/uname -p = i386
/bin/uname -X     = unknown

/bin/arch              = unknown
/usr/bin/arch -k       = unknown
/usr/convex/getsysinfo = unknown
/usr/bin/hostinfo      = Mach kernel version:
	 Darwin Kernel Version 12.2.1: Thu Oct 18 16:32:48 PDT 2012; root:xnu-2050.20.9~2/RELEASE_X86_64
Kernel configured for up to 8 processors.
4 processors are physically available.
8 processors are logically available.
Processor type: i486 (Intel 80486)
Processors active: 0 1 2 3 4 5 6 7
Primary memory available: 8.00 gigabytes
Default processor set: 163 tasks, 701 threads, 8 processors
Load average: 1.38, Mach factor: 6.61
/bin/machine           = unknown
/usr/bin/oslevel       = unknown
/bin/universe          = unknown

PATH: /opt/local/bin
PATH: /opt/local/sbin
PATH: /opt/local/bin
PATH: /opt/local/sbin
PATH: PATH=/opt/local/include
PATH: PATH=/opt/local/include
PATH: PATH=/opt/local/lib/gcc45/gcc/x86_64-apple-darwin11/4.5.4/include
PATH: PATH=/opt/local/var/macports/build/_opt_local_var_macports_sources_rsync.macports.org_release_tarballs_ports_devel_poco/poco/work/poco-1.3.6p2-all
PATH: /usr/bin
PATH: /bin
PATH: /usr/sbin
PATH: /sbin
PATH: /usr/local/bin
PATH: /opt/X11/bin


## ----------- ##
## Core tests. ##
## ----------- ##

configure:2792: checking for a BSD-compatible install
configure:2860: result: /usr/bin/install -c
configure:2871: checking whether build environment is sane
configure:2921: result: yes
configure:3062: checking for a thread-safe mkdir -p
configure:3101: result: build-aux/install-sh -c -d
configure:3114: checking for gawk
configure:3130: found /opt/local/bin/gawk
configure:3141: result: gawk
configure:3152: checking whether make sets $(MAKE)
configure:3174: result: yes
configure:3276: checking build system type
configure:3290: result: i386-apple-darwin12.2.1
configure:3310: checking host system type
configure:3323: result: i386-apple-darwin12.2.1
configure:3650: checking for g++
configure:3666: found /opt/local/bin/g++
configure:3677: result: g++
configure:3704: checking for C++ compiler version
configure:3713: g++ --version >&5
i686-apple-darwin11-llvm-g++-4.2 (GCC) 4.2.1 (Based on Apple Inc. build 5658) (LLVM build 2336.11.00)
Copyright (C) 2007 Free Software Foundation, Inc.
This is free software; see the source for copying conditions.  There is NO
warranty; not even for MERCHANTABILITY or FITNESS FOR A PARTICULAR PURPOSE.

configure:3724: $? = 0
configure:3713: g++ -v >&5
Using built-in specs.
Target: i686-apple-darwin11
Configured with: /private/var/tmp/llvmgcc42/llvmgcc42-2336.11~67/src/configure --disable-checking --enable-werror --prefix=/Applications/Xcode.app/Contents/Developer/usr/llvm-gcc-4.2 --mandir=/share/man --enable-languages=c,objc,c++,obj-c++ --program-prefix=llvm- --program-transform-name=/^[cg][^.-]*$/s/$/-4.2/ --with-slibdir=/usr/lib --build=i686-apple-darwin11 --enable-llvm=/private/var/tmp/llvmgcc42/llvmgcc42-2336.11~67/dst-llvmCore/Developer/usr/local --program-prefix=i686-apple-darwin11- --host=x86_64-apple-darwin11 --target=i686-apple-darwin11 --with-gxx-include-dir=/usr/include/c++/4.2.1
Thread model: posix
gcc version 4.2.1 (Based on Apple Inc. build 5658) (LLVM build 2336.11.00)
configure:3724: $? = 0
configure:3713: g++ -V >&5
llvm-g++-4.2: argument to `-V' is missing
configure:3724: $? = 1
configure:3713: g++ -qversion >&5
i686-apple-darwin11-llvm-g++-4.2: no input files
configure:3724: $? = 1
configure:3744: checking whether the C++ compiler works
configure:3766: g++    conftest.cpp  >&5
configure:3770: $? = 0
configure:3819: result: yes
configure:3822: checking for C++ compiler default output file name
configure:3824: result: a.out
configure:3830: checking for suffix of executables
configure:3837: g++ -o conftest    conftest.cpp  >&5
configure:3841: $? = 0
configure:3863: result: 
configure:3885: checking whether we are cross compiling
configure:3893: g++ -o conftest    conftest.cpp  >&5
configure:3897: $? = 0
configure:3904: ./conftest
configure:3908: $? = 0
configure:3923: result: no
configure:3928: checking for suffix of object files
configure:3950: g++ -c   conftest.cpp >&5
configure:3954: $? = 0
configure:3975: result: o
configure:3979: checking whether we are using the GNU C++ compiler
configure:3998: g++ -c   conftest.cpp >&5
configure:3998: $? = 0
configure:4007: result: yes
configure:4016: checking whether g++ accepts -g
configure:4036: g++ -c -g  conftest.cpp >&5
configure:4036: $? = 0
configure:4077: result: yes
configure:4111: checking for style of include used by make
configure:4139: result: GNU
configure:4164: checking dependency style of g++
configure:4274: result: gcc3
configure:4294: checking how to run the C++ preprocessor
configure:4321: g++ -E  conftest.cpp
configure:4321: $? = 0
configure:4335: g++ -E  conftest.cpp
conftest.cpp:11:28: error: ac_nonexistent.h: No such file or directory
configure:4335: $? = 1
configure: failed program was:
| /* confdefs.h */
| #define PACKAGE_NAME "IT++"
| #define PACKAGE_TARNAME "itpp"
| #define PACKAGE_VERSION "4.2"
| #define PACKAGE_STRING "IT++ 4.2"
| #define PACKAGE_BUGREPORT "http://sourceforge.net/projects/itpp/forums/forum/115656"
| #define PACKAGE_URL ""
| #define PACKAGE "itpp"
| #define VERSION "4.2"
| /* end confdefs.h.  */
| #include <ac_nonexistent.h>
configure:4360: result: g++ -E
configure:4380: g++ -E  conftest.cpp
configure:4380: $? = 0
configure:4394: g++ -E  conftest.cpp
conftest.cpp:11:28: error: ac_nonexistent.h: No such file or directory
configure:4394: $? = 1
configure: failed program was:
| /* confdefs.h */
| #define PACKAGE_NAME "IT++"
| #define PACKAGE_TARNAME "itpp"
| #define PACKAGE_VERSION "4.2"
| #define PACKAGE_STRING "IT++ 4.2"
| #define PACKAGE_BUGREPORT "http://sourceforge.net/projects/itpp/forums/forum/115656"
| #define PACKAGE_URL ""
| #define PACKAGE "itpp"
| #define VERSION "4.2"
| /* end confdefs.h.  */
| #include <ac_nonexistent.h>
configure:4476: checking for g77
configure:4506: result: no
configure:4476: checking for xlf
configure:4506: result: no
configure:4476: checking for f77
configure:4506: result: no
configure:4476: checking for frt
configure:4506: result: no
configure:4476: checking for pgf77
configure:4506: result: no
configure:4476: checking for cf77
configure:4506: result: no
configure:4476: checking for fort77
configure:4506: result: no
configure:4476: checking for fl32
configure:4506: result: no
configure:4476: checking for af77
configure:4506: result: no
configure:4476: checking for xlf90
configure:4506: result: no
configure:4476: checking for f90
configure:4506: result: no
configure:4476: checking for pgf90
configure:4506: result: no
configure:4476: checking for pghpf
configure:4506: result: no
configure:4476: checking for epcf90
configure:4506: result: no
configure:4476: checking for gfortran
configure:4506: result: no
configure:4476: checking for g95
configure:4492: found /opt/local/bin/g95
configure:4503: result: g95
configure:4529: checking for Fortran 77 compiler version
configure:4538: g95 --version >&5
G95 (GCC 4.2.4 (g95 0.92!) Nov  6 2012)
Copyright (C) 2002-2008 Free Software Foundation, Inc.

G95 comes with NO WARRANTY, to the extent permitted by law.
You may redistribute copies of G95
under the terms of the GNU General Public License.
For more information about these matters, see the file named COPYING
configure:4549: $? = 0
configure:4538: g95 -v >&5
Using built-in specs.
Target: 
Configured with: ../configure --prefix=/opt/local/lib/g95/x86_64-apple-darwin12/4.2.4 --enable-languages=c --disable-multilib --with-included-gettext --with-libiconv=/opt/local --libdir=/opt/local/lib/g95/x86_64-apple-darwin12/4.2.4 --with-as=/usr/bin/as --with-ld=/usr/bin/ld --with-nm=/usr/bin/nm --build=x86_64-apple-darwin12 --host=x86_64-apple-darwin12
Thread model: posix
gcc version 4.2.4 (g95 0.92!) Nov  6 2012
configure:4549: $? = 0
configure:4538: g95 -V >&5
g95: '-V' option must have argument
configure:4549: $? = 1
configure:4538: g95 -qversion >&5
g95: unrecognized option '-qversion'
g95: no input files
configure:4549: $? = 1
configure:4558: checking whether we are using the GNU Fortran 77 compiler
configure:4571: g95 -c  conftest.F >&5
configure:4571: $? = 0
configure:4580: result: yes
configure:4586: checking whether g95 accepts -g
configure:4597: g95 -c -g conftest.f >&5
configure:4597: $? = 0
configure:4605: result: yes
configure:4708: checking for gcc
configure:4724: found /opt/local/bin/gcc
configure:4735: result: gcc
configure:4964: checking for C compiler version
configure:4973: gcc --version >&5
i686-apple-darwin11-llvm-gcc-4.2 (GCC) 4.2.1 (Based on Apple Inc. build 5658) (LLVM build 2336.11.00)
Copyright (C) 2007 Free Software Foundation, Inc.
This is free software; see the source for copying conditions.  There is NO
warranty; not even for MERCHANTABILITY or FITNESS FOR A PARTICULAR PURPOSE.

configure:4984: $? = 0
configure:4973: gcc -v >&5
Using built-in specs.
Target: i686-apple-darwin11
Configured with: /private/var/tmp/llvmgcc42/llvmgcc42-2336.11~67/src/configure --disable-checking --enable-werror --prefix=/Applications/Xcode.app/Contents/Developer/usr/llvm-gcc-4.2 --mandir=/share/man --enable-languages=c,objc,c++,obj-c++ --program-prefix=llvm- --program-transform-name=/^[cg][^.-]*$/s/$/-4.2/ --with-slibdir=/usr/lib --build=i686-apple-darwin11 --enable-llvm=/private/var/tmp/llvmgcc42/llvmgcc42-2336.11~67/dst-llvmCore/Developer/usr/local --program-prefix=i686-apple-darwin11- --host=x86_64-apple-darwin11 --target=i686-apple-darwin11 --with-gxx-include-dir=/usr/include/c++/4.2.1
Thread model: posix
gcc version 4.2.1 (Based on Apple Inc. build 5658) (LLVM build 2336.11.00)
configure:4984: $? = 0
configure:4973: gcc -V >&5
llvm-gcc-4.2: argument to `-V' is missing
configure:4984: $? = 1
configure:4973: gcc -qversion >&5
i686-apple-darwin11-llvm-gcc-4.2: no input files
configure:4984: $? = 1
configure:4988: checking whether we are using the GNU C compiler
configure:5007: gcc -c   conftest.c >&5
configure:5007: $? = 0
configure:5016: result: yes
configure:5025: checking whether gcc accepts -g
configure:5045: gcc -c -g  conftest.c >&5
configure:5045: $? = 0
configure:5086: result: yes
configure:5103: checking for gcc option to accept ISO C89
configure:5167: gcc  -c -g -O2  conftest.c >&5
configure:5167: $? = 0
configure:5180: result: none needed
configure:5202: checking dependency style of gcc
configure:5312: result: gcc3
configure:5327: checking for a sed that does not truncate output
configure:5391: result: /opt/local/bin/gsed
configure:5409: checking for grep that handles long lines and -e
configure:5467: result: /usr/bin/grep
configure:5472: checking for egrep
configure:5534: result: /usr/bin/grep -E
configure:5539: checking for fgrep
configure:5601: result: /usr/bin/grep -F
configure:5636: checking for ld used by gcc
configure:5703: result: /usr/llvm-gcc-4.2/libexec/gcc/i686-apple-darwin11/4.2.1/ld
configure:5710: checking if the linker (/usr/llvm-gcc-4.2/libexec/gcc/i686-apple-darwin11/4.2.1/ld) is GNU ld
configure:5725: result: no
configure:5737: checking for BSD- or MS-compatible name lister (nm)
configure:5786: result: /opt/local/bin/nm
configure:5904: checking the name lister (/opt/local/bin/nm) interface
configure:5911: gcc -c -g -O2  conftest.c >&5
configure:5914: /opt/local/bin/nm "conftest.o"
configure:5917: output
0000000000000178 S _some_variable
configure:5924: result: BSD nm
configure:5927: checking whether ln -s works
configure:5931: result: yes
configure:5939: checking the maximum length of command line arguments
configure:6059: result: 196608
configure:6076: checking whether the shell understands some XSI constructs
configure:6086: result: yes
configure:6090: checking whether the shell understands "+="
configure:6096: result: yes
configure:6131: checking for /usr/llvm-gcc-4.2/libexec/gcc/i686-apple-darwin11/4.2.1/ld option to reload object files
configure:6138: result: -r
configure:6207: checking for objdump
configure:6237: result: no
configure:6266: checking how to recognize dependent libraries
configure:6462: result: pass_all
configure:6522: checking for ar
configure:6538: found /opt/local/bin/ar
configure:6549: result: ar
configure:6627: checking for strip
configure:6643: found /opt/local/bin/strip
configure:6654: result: strip
configure:6726: checking for ranlib
configure:6742: found /opt/local/bin/ranlib
configure:6753: result: ranlib
configure:6843: checking command to parse /opt/local/bin/nm output from gcc object
configure:6961: gcc -c -g -O2  conftest.c >&5
configure:6964: $? = 0
configure:6968: /opt/local/bin/nm conftest.o \| sed -n -e 's/^.*[	 ]\([BCDEGRST][BCDEGRST]*\)[	 ][	 ]*\([_A-Za-z][_A-Za-z0-9]*\)$/\1 \2 \2/p' \> conftest.nm
configure:6971: $? = 0
cannot find nm_test_var in conftest.nm
configure:6961: gcc -c -g -O2  conftest.c >&5
configure:6964: $? = 0
configure:6968: /opt/local/bin/nm conftest.o \| sed -n -e 's/^.*[	 ]\([BCDEGRST][BCDEGRST]*\)[	 ][	 ]*_\([_A-Za-z][_A-Za-z0-9]*\)$/\1 _\2 \2/p' \> conftest.nm
configure:6971: $? = 0
configure:7025: gcc -o conftest -g -O2   conftest.c conftstm.o >&5
configure:7028: $? = 0
configure:7066: result: ok
configure:7331: checking for dsymutil
configure:7347: found /usr/bin/dsymutil
configure:7358: result: dsymutil
configure:7423: checking for nmedit
configure:7439: found /opt/local/bin/nmedit
configure:7450: result: nmedit
configure:7515: checking for lipo
configure:7531: found /opt/local/bin/lipo
configure:7542: result: lipo
configure:7607: checking for otool
configure:7623: found /opt/local/bin/otool
configure:7634: result: otool
configure:7699: checking for otool64
configure:7729: result: no
configure:7774: checking for -single_module linker flag
gcc -g -O2  -o libconftest.dylib -dynamiclib -Wl,-single_module conftest.c
configure:7801: result: yes
configure:7803: checking for -exported_symbols_list linker flag
configure:7823: gcc -o conftest -g -O2   -Wl,-exported_symbols_list,conftest.sym conftest.c  >&5
configure:7823: $? = 0
configure:7833: result: yes
configure:7875: checking how to run the C preprocessor
configure:7906: gcc -E  conftest.c
configure:7906: $? = 0
configure:7920: gcc -E  conftest.c
conftest.c:11:28: error: ac_nonexistent.h: No such file or directory
configure:7920: $? = 1
configure: failed program was:
| /* confdefs.h */
| #define PACKAGE_NAME "IT++"
| #define PACKAGE_TARNAME "itpp"
| #define PACKAGE_VERSION "4.2"
| #define PACKAGE_STRING "IT++ 4.2"
| #define PACKAGE_BUGREPORT "http://sourceforge.net/projects/itpp/forums/forum/115656"
| #define PACKAGE_URL ""
| #define PACKAGE "itpp"
| #define VERSION "4.2"
| /* end confdefs.h.  */
| #include <ac_nonexistent.h>
configure:7945: result: gcc -E
configure:7965: gcc -E  conftest.c
configure:7965: $? = 0
configure:7979: gcc -E  conftest.c
conftest.c:11:28: error: ac_nonexistent.h: No such file or directory
configure:7979: $? = 1
configure: failed program was:
| /* confdefs.h */
| #define PACKAGE_NAME "IT++"
| #define PACKAGE_TARNAME "itpp"
| #define PACKAGE_VERSION "4.2"
| #define PACKAGE_STRING "IT++ 4.2"
| #define PACKAGE_BUGREPORT "http://sourceforge.net/projects/itpp/forums/forum/115656"
| #define PACKAGE_URL ""
| #define PACKAGE "itpp"
| #define VERSION "4.2"
| /* end confdefs.h.  */
| #include <ac_nonexistent.h>
configure:8008: checking for ANSI C header files
configure:8028: gcc -c -g -O2  conftest.c >&5
configure:8028: $? = 0
configure:8101: gcc -o conftest -g -O2   conftest.c  >&5
configure:8101: $? = 0
configure:8101: ./conftest
configure:8101: $? = 0
configure:8112: result: yes
configure:8125: checking for sys/types.h
configure:8125: gcc -c -g -O2  conftest.c >&5
configure:8125: $? = 0
configure:8125: result: yes
configure:8125: checking for sys/stat.h
configure:8125: gcc -c -g -O2  conftest.c >&5
configure:8125: $? = 0
configure:8125: result: yes
configure:8125: checking for stdlib.h
configure:8125: gcc -c -g -O2  conftest.c >&5
configure:8125: $? = 0
configure:8125: result: yes
configure:8125: checking for string.h
configure:8125: gcc -c -g -O2  conftest.c >&5
configure:8125: $? = 0
configure:8125: result: yes
configure:8125: checking for memory.h
configure:8125: gcc -c -g -O2  conftest.c >&5
configure:8125: $? = 0
configure:8125: result: yes
configure:8125: checking for strings.h
configure:8125: gcc -c -g -O2  conftest.c >&5
configure:8125: $? = 0
configure:8125: result: yes
configure:8125: checking for inttypes.h
configure:8125: gcc -c -g -O2  conftest.c >&5
configure:8125: $? = 0
configure:8125: result: yes
configure:8125: checking for stdint.h
configure:8125: gcc -c -g -O2  conftest.c >&5
configure:8125: $? = 0
configure:8125: result: yes
configure:8125: checking for unistd.h
configure:8125: gcc -c -g -O2  conftest.c >&5
configure:8125: $? = 0
configure:8125: result: yes
configure:8140: checking for dlfcn.h
configure:8140: gcc -c -g -O2  conftest.c >&5
configure:8140: $? = 0
configure:8140: result: yes
configure:8265: checking for C++ compiler version
configure:8274: g++ --version >&5
i686-apple-darwin11-llvm-g++-4.2 (GCC) 4.2.1 (Based on Apple Inc. build 5658) (LLVM build 2336.11.00)
Copyright (C) 2007 Free Software Foundation, Inc.
This is free software; see the source for copying conditions.  There is NO
warranty; not even for MERCHANTABILITY or FITNESS FOR A PARTICULAR PURPOSE.

configure:8285: $? = 0
configure:8274: g++ -v >&5
Using built-in specs.
Target: i686-apple-darwin11
Configured with: /private/var/tmp/llvmgcc42/llvmgcc42-2336.11~67/src/configure --disable-checking --enable-werror --prefix=/Applications/Xcode.app/Contents/Developer/usr/llvm-gcc-4.2 --mandir=/share/man --enable-languages=c,objc,c++,obj-c++ --program-prefix=llvm- --program-transform-name=/^[cg][^.-]*$/s/$/-4.2/ --with-slibdir=/usr/lib --build=i686-apple-darwin11 --enable-llvm=/private/var/tmp/llvmgcc42/llvmgcc42-2336.11~67/dst-llvmCore/Developer/usr/local --program-prefix=i686-apple-darwin11- --host=x86_64-apple-darwin11 --target=i686-apple-darwin11 --with-gxx-include-dir=/usr/include/c++/4.2.1
Thread model: posix
gcc version 4.2.1 (Based on Apple Inc. build 5658) (LLVM build 2336.11.00)
configure:8285: $? = 0
configure:8274: g++ -V >&5
llvm-g++-4.2: argument to `-V' is missing
configure:8285: $? = 1
configure:8274: g++ -qversion >&5
i686-apple-darwin11-llvm-g++-4.2: no input files
configure:8285: $? = 1
configure:8289: checking whether we are using the GNU C++ compiler
configure:8317: result: yes
configure:8326: checking whether g++ accepts -g
configure:8387: result: yes
configure:8412: checking dependency style of g++
configure:8522: result: gcc3
configure:8545: checking how to run the C++ preprocessor
configure:8611: result: g++ -E
configure:8631: g++ -E  conftest.cpp
configure:8631: $? = 0
configure:8645: g++ -E  conftest.cpp
conftest.cpp:22:28: error: ac_nonexistent.h: No such file or directory
configure:8645: $? = 1
configure: failed program was:
| /* confdefs.h */
| #define PACKAGE_NAME "IT++"
| #define PACKAGE_TARNAME "itpp"
| #define PACKAGE_VERSION "4.2"
| #define PACKAGE_STRING "IT++ 4.2"
| #define PACKAGE_BUGREPORT "http://sourceforge.net/projects/itpp/forums/forum/115656"
| #define PACKAGE_URL ""
| #define PACKAGE "itpp"
| #define VERSION "4.2"
| #define STDC_HEADERS 1
| #define HAVE_SYS_TYPES_H 1
| #define HAVE_SYS_STAT_H 1
| #define HAVE_STDLIB_H 1
| #define HAVE_STRING_H 1
| #define HAVE_MEMORY_H 1
| #define HAVE_STRINGS_H 1
| #define HAVE_INTTYPES_H 1
| #define HAVE_STDINT_H 1
| #define HAVE_UNISTD_H 1
| #define HAVE_DLFCN_H 1
| /* end confdefs.h.  */
| #include <ac_nonexistent.h>
configure:8786: checking for Fortran 77 compiler version
configure:8795: g95 --version >&5
G95 (GCC 4.2.4 (g95 0.92!) Nov  6 2012)
Copyright (C) 2002-2008 Free Software Foundation, Inc.

G95 comes with NO WARRANTY, to the extent permitted by law.
You may redistribute copies of G95
under the terms of the GNU General Public License.
For more information about these matters, see the file named COPYING
configure:8806: $? = 0
configure:8795: g95 -v >&5
Using built-in specs.
Target: 
Configured with: ../configure --prefix=/opt/local/lib/g95/x86_64-apple-darwin12/4.2.4 --enable-languages=c --disable-multilib --with-included-gettext --with-libiconv=/opt/local --libdir=/opt/local/lib/g95/x86_64-apple-darwin12/4.2.4 --with-as=/usr/bin/as --with-ld=/usr/bin/ld --with-nm=/usr/bin/nm --build=x86_64-apple-darwin12 --host=x86_64-apple-darwin12
Thread model: posix
gcc version 4.2.4 (g95 0.92!) Nov  6 2012
configure:8806: $? = 0
configure:8795: g95 -V >&5
g95: '-V' option must have argument
configure:8806: $? = 1
configure:8795: g95 -qversion >&5
g95: unrecognized option '-qversion'
g95: no input files
configure:8806: $? = 1
configure:8815: checking whether we are using the GNU Fortran 77 compiler
configure:8837: result: yes
configure:8843: checking whether g95 accepts -g
configure:8862: result: yes
configure:9010: checking for objdir
configure:9025: result: .libs
configure:9321: checking if gcc supports -fno-rtti -fno-exceptions
configure:9339: gcc -c -g -O2  -fno-rtti -fno-exceptions conftest.c >&5
cc1: warning: command line option "-fno-rtti" is valid for C++/ObjC++ but not for C
configure:9343: $? = 0
configure:9356: result: no
configure:9376: checking for gcc option to produce PIC
configure:9648: result: -fno-common -DPIC
configure:9660: checking if gcc PIC flag -fno-common -DPIC works
configure:9678: gcc -c -g -O2  -fno-common -DPIC -DPIC conftest.c >&5
configure:9682: $? = 0
configure:9695: result: yes
configure:9719: checking if gcc static flag -static works
configure:9747: result: no
configure:9762: checking if gcc supports -c -o file.o
configure:9783: gcc -c -g -O2  -o out/conftest2.o conftest.c >&5
configure:9787: $? = 0
configure:9809: result: yes
configure:9817: checking if gcc supports -c -o file.o
configure:9864: result: yes
configure:9897: checking whether the gcc linker (/usr/llvm-gcc-4.2/libexec/gcc/i686-apple-darwin11/4.2.1/ld) supports shared libraries
configure:10883: result: yes
configure:11122: checking dynamic linker characteristics
configure:11773: result: darwin12.2.1 dyld
configure:11875: checking how to hardcode library paths into programs
configure:11900: result: immediate
configure:12420: checking whether stripping libraries is possible
configure:12434: result: yes
configure:12460: checking if libtool supports shared libraries
configure:12462: result: yes
configure:12465: checking whether to build shared libraries
configure:12486: result: yes
configure:12489: checking whether to build static libraries
configure:12493: result: no
configure:12643: checking for ld used by g++
configure:12710: result: /usr/llvm-gcc-4.2/libexec/gcc/i686-apple-darwin11/4.2.1/ld
configure:12717: checking if the linker (/usr/llvm-gcc-4.2/libexec/gcc/i686-apple-darwin11/4.2.1/ld) is GNU ld
configure:12732: result: no
configure:12787: checking whether the g++ linker (/usr/llvm-gcc-4.2/libexec/gcc/i686-apple-darwin11/4.2.1/ld) supports shared libraries
configure:13700: result: yes
configure:13728: g++ -c   conftest.cpp >&5
configure:13731: $? = 0
configure:13913: checking for g++ option to produce PIC
configure:14230: result: -fno-common -DPIC
configure:14239: checking if g++ PIC flag -fno-common -DPIC works
configure:14257: g++ -c   -fno-common -DPIC -DPIC conftest.cpp >&5
configure:14261: $? = 0
configure:14274: result: yes
configure:14295: checking if g++ static flag -static works
configure:14323: result: no
configure:14335: checking if g++ supports -c -o file.o
configure:14356: g++ -c   -o out/conftest2.o conftest.cpp >&5
configure:14360: $? = 0
configure:14382: result: yes
configure:14387: checking if g++ supports -c -o file.o
configure:14434: result: yes
configure:14464: checking whether the g++ linker (/usr/llvm-gcc-4.2/libexec/gcc/i686-apple-darwin11/4.2.1/ld) supports shared libraries
configure:14490: result: yes
configure:14627: checking dynamic linker characteristics
configure:15226: result: darwin12.2.1 dyld
configure:15277: checking how to hardcode library paths into programs
configure:15302: result: immediate
configure:15443: checking if libtool supports shared libraries
configure:15445: result: yes
configure:15448: checking whether to build shared libraries
configure:15468: result: yes
configure:15471: checking whether to build static libraries
configure:15475: result: no
configure:15489: checking for g95 option to produce PIC
configure:15761: result: -fno-common
configure:15770: checking if g95 PIC flag -fno-common works
configure:15788: g95 -c -g -O2 -fno-common conftest.f >&5
configure:15792: $? = 0
configure:15805: result: yes
configure:15826: checking if g95 static flag -static works
configure:15854: result: no
configure:15866: checking if g95 supports -c -o file.o
configure:15887: g95 -c -g -O2 -o out/conftest2.o conftest.f >&5
configure:15891: $? = 0
configure:15913: result: yes
configure:15918: checking if g95 supports -c -o file.o
configure:15965: result: yes
configure:15995: checking whether the g95 linker (/usr/llvm-gcc-4.2/libexec/gcc/i686-apple-darwin11/4.2.1/ld) supports shared libraries
configure:16968: result: yes
configure:17105: checking dynamic linker characteristics
configure:17698: result: darwin12.2.1 dyld
configure:17749: checking how to hardcode library paths into programs
configure:17774: result: immediate
configure:17823: checking whether ln -s works
configure:17827: result: yes
configure:17834: checking for a sed that does not truncate output
configure:17898: result: /opt/local/bin/gsed
configure:17913: checking whether to use explicit library dependencies
configure:17929: result: yes
configure:18112: checking for doxygen
configure:18140: result: no
configure:18150: checking for latex
configure:18178: result: no
configure:18188: checking for dvips
configure:18216: result: no
configure:18226: checking for gs
configure:18254: result: no
configure:18269: checking for perl
configure:18287: found /opt/local/bin/perl
configure:18299: result: /opt/local/bin/perl
configure:18323: checking for gdiff
configure:18356: result: no
configure:18323: checking for gnudiff
configure:18356: result: no
configure:18323: checking for diff
configure:18341: found /usr/bin/diff
configure:18353: result: /usr/bin/diff
configure:18378: checking whether time.h and sys/time.h may both be included
configure:18398: g++ -c   conftest.cpp >&5
configure:18398: $? = 0
configure:18405: result: yes
configure:18419: checking cmath usability
configure:18419: g++ -c   conftest.cpp >&5
configure:18419: $? = 0
configure:18419: result: yes
configure:18419: checking cmath presence
configure:18419: g++ -E  conftest.cpp
configure:18419: $? = 0
configure:18419: result: yes
configure:18419: checking for cmath
configure:18419: result: yes
configure:18419: checking complex usability
configure:18419: g++ -c   conftest.cpp >&5
configure:18419: $? = 0
configure:18419: result: yes
configure:18419: checking complex presence
configure:18419: g++ -E  conftest.cpp
configure:18419: $? = 0
configure:18419: result: yes
configure:18419: checking for complex
configure:18419: result: yes
configure:18419: checking ieeefp.h usability
configure:18419: g++ -c   conftest.cpp >&5
conftest.cpp:59:20: error: ieeefp.h: No such file or directory
configure:18419: $? = 1
configure: failed program was:
| /* confdefs.h */
| #define PACKAGE_NAME "IT++"
| #define PACKAGE_TARNAME "itpp"
| #define PACKAGE_VERSION "4.2"
| #define PACKAGE_STRING "IT++ 4.2"
| #define PACKAGE_BUGREPORT "http://sourceforge.net/projects/itpp/forums/forum/115656"
| #define PACKAGE_URL ""
| #define PACKAGE "itpp"
| #define VERSION "4.2"
| #define STDC_HEADERS 1
| #define HAVE_SYS_TYPES_H 1
| #define HAVE_SYS_STAT_H 1
| #define HAVE_STDLIB_H 1
| #define HAVE_STRING_H 1
| #define HAVE_MEMORY_H 1
| #define HAVE_STRINGS_H 1
| #define HAVE_INTTYPES_H 1
| #define HAVE_STDINT_H 1
| #define HAVE_UNISTD_H 1
| #define HAVE_DLFCN_H 1
| #define LT_OBJDIR ".libs/"
| #define TIME_WITH_SYS_TIME 1
| #define HAVE_CMATH 1
| #define HAVE_COMPLEX 1
| /* end confdefs.h.  */
| #include <stdio.h>
| #ifdef HAVE_SYS_TYPES_H
| # include <sys/types.h>
| #endif
| #ifdef HAVE_SYS_STAT_H
| # include <sys/stat.h>
| #endif
| #ifdef STDC_HEADERS
| # include <stdlib.h>
| # include <stddef.h>
| #else
| # ifdef HAVE_STDLIB_H
| #  include <stdlib.h>
| # endif
| #endif
| #ifdef HAVE_STRING_H
| # if !defined STDC_HEADERS && defined HAVE_MEMORY_H
| #  include <memory.h>
| # endif
| # include <string.h>
| #endif
| #ifdef HAVE_STRINGS_H
| # include <strings.h>
| #endif
| #ifdef HAVE_INTTYPES_H
| # include <inttypes.h>
| #endif
| #ifdef HAVE_STDINT_H
| # include <stdint.h>
| #endif
| #ifdef HAVE_UNISTD_H
| # include <unistd.h>
| #endif
| #include <ieeefp.h>
configure:18419: result: no
configure:18419: checking ieeefp.h presence
configure:18419: g++ -E  conftest.cpp
conftest.cpp:26:20: error: ieeefp.h: No such file or directory
configure:18419: $? = 1
configure: failed program was:
| /* confdefs.h */
| #define PACKAGE_NAME "IT++"
| #define PACKAGE_TARNAME "itpp"
| #define PACKAGE_VERSION "4.2"
| #define PACKAGE_STRING "IT++ 4.2"
| #define PACKAGE_BUGREPORT "http://sourceforge.net/projects/itpp/forums/forum/115656"
| #define PACKAGE_URL ""
| #define PACKAGE "itpp"
| #define VERSION "4.2"
| #define STDC_HEADERS 1
| #define HAVE_SYS_TYPES_H 1
| #define HAVE_SYS_STAT_H 1
| #define HAVE_STDLIB_H 1
| #define HAVE_STRING_H 1
| #define HAVE_MEMORY_H 1
| #define HAVE_STRINGS_H 1
| #define HAVE_INTTYPES_H 1
| #define HAVE_STDINT_H 1
| #define HAVE_UNISTD_H 1
| #define HAVE_DLFCN_H 1
| #define LT_OBJDIR ".libs/"
| #define TIME_WITH_SYS_TIME 1
| #define HAVE_CMATH 1
| #define HAVE_COMPLEX 1
| /* end confdefs.h.  */
| #include <ieeefp.h>
configure:18419: result: no
configure:18419: checking for ieeefp.h
configure:18419: result: no
configure:18433: checking whether signgam is declared
configure:18433: g++ -c   conftest.cpp >&5
configure:18433: $? = 0
configure:18433: result: yes
configure:18450: checking whether isfinite is declared
configure:18450: g++ -c   conftest.cpp >&5
conftest.cpp: In function 'int main()':
conftest.cpp:39: error: 'isfinite' was not declared in this scope
configure:18450: $? = 1
configure: failed program was:
| /* confdefs.h */
| #define PACKAGE_NAME "IT++"
| #define PACKAGE_TARNAME "itpp"
| #define PACKAGE_VERSION "4.2"
| #define PACKAGE_STRING "IT++ 4.2"
| #define PACKAGE_BUGREPORT "http://sourceforge.net/projects/itpp/forums/forum/115656"
| #define PACKAGE_URL ""
| #define PACKAGE "itpp"
| #define VERSION "4.2"
| #define STDC_HEADERS 1
| #define HAVE_SYS_TYPES_H 1
| #define HAVE_SYS_STAT_H 1
| #define HAVE_STDLIB_H 1
| #define HAVE_STRING_H 1
| #define HAVE_MEMORY_H 1
| #define HAVE_STRINGS_H 1
| #define HAVE_INTTYPES_H 1
| #define HAVE_STDINT_H 1
| #define HAVE_UNISTD_H 1
| #define HAVE_DLFCN_H 1
| #define LT_OBJDIR ".libs/"
| #define TIME_WITH_SYS_TIME 1
| #define HAVE_CMATH 1
| #define HAVE_COMPLEX 1
| #define HAVE_DECL_SIGNGAM 1
| /* end confdefs.h.  */
| #if defined(HAVE_CMATH)
| #  include <cmath>
| #endif
| #if defined(HAVE_IEEEFP_H)
| #  include <ieeefp.h>
| #endif
| 
| 
| int
| main ()
| {
| #ifndef isfinite
|   (void) isfinite;
| #endif
| 
|   ;
|   return 0;
| }
configure:18450: result: no
configure:18467: checking whether isinf is declared
configure:18467: g++ -c   conftest.cpp >&5
conftest.cpp: In function 'int main()':
conftest.cpp:40: error: 'isinf' was not declared in this scope
configure:18467: $? = 1
configure: failed program was:
| /* confdefs.h */
| #define PACKAGE_NAME "IT++"
| #define PACKAGE_TARNAME "itpp"
| #define PACKAGE_VERSION "4.2"
| #define PACKAGE_STRING "IT++ 4.2"
| #define PACKAGE_BUGREPORT "http://sourceforge.net/projects/itpp/forums/forum/115656"
| #define PACKAGE_URL ""
| #define PACKAGE "itpp"
| #define VERSION "4.2"
| #define STDC_HEADERS 1
| #define HAVE_SYS_TYPES_H 1
| #define HAVE_SYS_STAT_H 1
| #define HAVE_STDLIB_H 1
| #define HAVE_STRING_H 1
| #define HAVE_MEMORY_H 1
| #define HAVE_STRINGS_H 1
| #define HAVE_INTTYPES_H 1
| #define HAVE_STDINT_H 1
| #define HAVE_UNISTD_H 1
| #define HAVE_DLFCN_H 1
| #define LT_OBJDIR ".libs/"
| #define TIME_WITH_SYS_TIME 1
| #define HAVE_CMATH 1
| #define HAVE_COMPLEX 1
| #define HAVE_DECL_SIGNGAM 1
| #define HAVE_DECL_ISFINITE 0
| /* end confdefs.h.  */
| #if defined(HAVE_CMATH)
| #  include <cmath>
| #endif
| #if defined(HAVE_IEEEFP_H)
| #  include <ieeefp.h>
| #endif
| 
| 
| int
| main ()
| {
| #ifndef isinf
|   (void) isinf;
| #endif
| 
|   ;
|   return 0;
| }
configure:18467: result: no
configure:18484: checking whether isnan is declared
configure:18484: g++ -c   conftest.cpp >&5
conftest.cpp: In function 'int main()':
conftest.cpp:41: error: 'isnan' was not declared in this scope
configure:18484: $? = 1
configure: failed program was:
| /* confdefs.h */
| #define PACKAGE_NAME "IT++"
| #define PACKAGE_TARNAME "itpp"
| #define PACKAGE_VERSION "4.2"
| #define PACKAGE_STRING "IT++ 4.2"
| #define PACKAGE_BUGREPORT "http://sourceforge.net/projects/itpp/forums/forum/115656"
| #define PACKAGE_URL ""
| #define PACKAGE "itpp"
| #define VERSION "4.2"
| #define STDC_HEADERS 1
| #define HAVE_SYS_TYPES_H 1
| #define HAVE_SYS_STAT_H 1
| #define HAVE_STDLIB_H 1
| #define HAVE_STRING_H 1
| #define HAVE_MEMORY_H 1
| #define HAVE_STRINGS_H 1
| #define HAVE_INTTYPES_H 1
| #define HAVE_STDINT_H 1
| #define HAVE_UNISTD_H 1
| #define HAVE_DLFCN_H 1
| #define LT_OBJDIR ".libs/"
| #define TIME_WITH_SYS_TIME 1
| #define HAVE_CMATH 1
| #define HAVE_COMPLEX 1
| #define HAVE_DECL_SIGNGAM 1
| #define HAVE_DECL_ISFINITE 0
| #define HAVE_DECL_ISINF 0
| /* end confdefs.h.  */
| #if defined(HAVE_CMATH)
| #  include <cmath>
| #endif
| #if defined(HAVE_IEEEFP_H)
| #  include <ieeefp.h>
| #endif
| 
| 
| int
| main ()
| {
| #ifndef isnan
|   (void) isnan;
| #endif
| 
|   ;
|   return 0;
| }
configure:18484: result: no
configure:18507: checking for std::isfinite
configure:18515: g++ -o conftest    conftest.cpp  >&5
configure:18515: $? = 0
configure:18516: result: yes
configure:18507: checking for std::isinf
configure:18515: g++ -o conftest    conftest.cpp  >&5
configure:18515: $? = 0
configure:18516: result: yes
configure:18507: checking for std::isnan
configure:18515: g++ -o conftest    conftest.cpp  >&5
configure:18515: $? = 0
configure:18516: result: yes
configure:18560: checking for asinh
configure:18560: g++ -o conftest    conftest.cpp  >&5
configure:18560: $? = 0
configure:18560: result: yes
configure:18560: checking for acosh
configure:18560: g++ -o conftest    conftest.cpp  >&5
configure:18560: $? = 0
configure:18560: result: yes
configure:18560: checking for atanh
configure:18560: g++ -o conftest    conftest.cpp  >&5
configure:18560: $? = 0
configure:18560: result: yes
configure:18560: checking for cbrt
configure:18560: g++ -o conftest    conftest.cpp  >&5
configure:18560: $? = 0
configure:18560: result: yes
configure:18560: checking for erf
configure:18560: g++ -o conftest    conftest.cpp  >&5
configure:18560: $? = 0
configure:18560: result: yes
configure:18560: checking for erfc
configure:18560: g++ -o conftest    conftest.cpp  >&5
configure:18560: $? = 0
configure:18560: result: yes
configure:18560: checking for expm1
configure:18560: g++ -o conftest    conftest.cpp  >&5
configure:18560: $? = 0
configure:18560: result: yes
configure:18560: checking for finite
configure:18560: g++ -o conftest    conftest.cpp  >&5
configure:18560: $? = 0
configure:18560: result: yes
configure:18560: checking for fpclass
configure:18560: g++ -o conftest    conftest.cpp  >&5
Undefined symbols for architecture x86_64:
  "_fpclass", referenced from:
      _main in ccAa1NVi.o
ld: symbol(s) not found for architecture x86_64
collect2: ld returned 1 exit status
configure:18560: $? = 1
configure: failed program was:
| /* confdefs.h */
| #define PACKAGE_NAME "IT++"
| #define PACKAGE_TARNAME "itpp"
| #define PACKAGE_VERSION "4.2"
| #define PACKAGE_STRING "IT++ 4.2"
| #define PACKAGE_BUGREPORT "http://sourceforge.net/projects/itpp/forums/forum/115656"
| #define PACKAGE_URL ""
| #define PACKAGE "itpp"
| #define VERSION "4.2"
| #define STDC_HEADERS 1
| #define HAVE_SYS_TYPES_H 1
| #define HAVE_SYS_STAT_H 1
| #define HAVE_STDLIB_H 1
| #define HAVE_STRING_H 1
| #define HAVE_MEMORY_H 1
| #define HAVE_STRINGS_H 1
| #define HAVE_INTTYPES_H 1
| #define HAVE_STDINT_H 1
| #define HAVE_UNISTD_H 1
| #define HAVE_DLFCN_H 1
| #define LT_OBJDIR ".libs/"
| #define TIME_WITH_SYS_TIME 1
| #define HAVE_CMATH 1
| #define HAVE_COMPLEX 1
| #define HAVE_DECL_SIGNGAM 1
| #define HAVE_DECL_ISFINITE 0
| #define HAVE_DECL_ISINF 0
| #define HAVE_DECL_ISNAN 0
| #define HAVE_STD_ISFINITE 1
| #define HAVE_STD_ISINF 1
| #define HAVE_STD_ISNAN 1
| #define HAVE_ASINH 1
| #define HAVE_ACOSH 1
| #define HAVE_ATANH 1
| #define HAVE_CBRT 1
| #define HAVE_ERF 1
| #define HAVE_ERFC 1
| #define HAVE_EXPM1 1
| #define HAVE_FINITE 1
| /* end confdefs.h.  */
| /* Define fpclass to an innocuous variant, in case <limits.h> declares fpclass.
|    For example, HP-UX 11i <limits.h> declares gettimeofday.  */
| #define fpclass innocuous_fpclass
| 
| /* System header to define __stub macros and hopefully few prototypes,
|     which can conflict with char fpclass (); below.
|     Prefer <limits.h> to <assert.h> if __STDC__ is defined, since
|     <limits.h> exists even on freestanding compilers.  */
| 
| #ifdef __STDC__
| # include <limits.h>
| #else
| # include <assert.h>
| #endif
| 
| #undef fpclass
| 
| /* Override any GCC internal prototype to avoid an error.
|    Use char because int might match the return type of a GCC
|    builtin and then its argument prototype would still apply.  */
| #ifdef __cplusplus
| extern "C"
| #endif
| char fpclass ();
| /* The GNU C library defines this for functions which it implements
|     to always fail with ENOSYS.  Some functions are actually named
|     something starting with __ and the normal name is an alias.  */
| #if defined __stub_fpclass || defined __stub___fpclass
| choke me
| #endif
| 
| int
| main ()
| {
| return fpclass ();
|   ;
|   return 0;
| }
configure:18560: result: no
configure:18560: checking for isfinite
configure:18560: g++ -o conftest    conftest.cpp  >&5
Undefined symbols for architecture x86_64:
  "_isfinite", referenced from:
      _main in cciHMwlM.o
ld: symbol(s) not found for architecture x86_64
collect2: ld returned 1 exit status
configure:18560: $? = 1
configure: failed program was:
| /* confdefs.h */
| #define PACKAGE_NAME "IT++"
| #define PACKAGE_TARNAME "itpp"
| #define PACKAGE_VERSION "4.2"
| #define PACKAGE_STRING "IT++ 4.2"
| #define PACKAGE_BUGREPORT "http://sourceforge.net/projects/itpp/forums/forum/115656"
| #define PACKAGE_URL ""
| #define PACKAGE "itpp"
| #define VERSION "4.2"
| #define STDC_HEADERS 1
| #define HAVE_SYS_TYPES_H 1
| #define HAVE_SYS_STAT_H 1
| #define HAVE_STDLIB_H 1
| #define HAVE_STRING_H 1
| #define HAVE_MEMORY_H 1
| #define HAVE_STRINGS_H 1
| #define HAVE_INTTYPES_H 1
| #define HAVE_STDINT_H 1
| #define HAVE_UNISTD_H 1
| #define HAVE_DLFCN_H 1
| #define LT_OBJDIR ".libs/"
| #define TIME_WITH_SYS_TIME 1
| #define HAVE_CMATH 1
| #define HAVE_COMPLEX 1
| #define HAVE_DECL_SIGNGAM 1
| #define HAVE_DECL_ISFINITE 0
| #define HAVE_DECL_ISINF 0
| #define HAVE_DECL_ISNAN 0
| #define HAVE_STD_ISFINITE 1
| #define HAVE_STD_ISINF 1
| #define HAVE_STD_ISNAN 1
| #define HAVE_ASINH 1
| #define HAVE_ACOSH 1
| #define HAVE_ATANH 1
| #define HAVE_CBRT 1
| #define HAVE_ERF 1
| #define HAVE_ERFC 1
| #define HAVE_EXPM1 1
| #define HAVE_FINITE 1
| /* end confdefs.h.  */
| /* Define isfinite to an innocuous variant, in case <limits.h> declares isfinite.
|    For example, HP-UX 11i <limits.h> declares gettimeofday.  */
| #define isfinite innocuous_isfinite
| 
| /* System header to define __stub macros and hopefully few prototypes,
|     which can conflict with char isfinite (); below.
|     Prefer <limits.h> to <assert.h> if __STDC__ is defined, since
|     <limits.h> exists even on freestanding compilers.  */
| 
| #ifdef __STDC__
| # include <limits.h>
| #else
| # include <assert.h>
| #endif
| 
| #undef isfinite
| 
| /* Override any GCC internal prototype to avoid an error.
|    Use char because int might match the return type of a GCC
|    builtin and then its argument prototype would still apply.  */
| #ifdef __cplusplus
| extern "C"
| #endif
| char isfinite ();
| /* The GNU C library defines this for functions which it implements
|     to always fail with ENOSYS.  Some functions are actually named
|     something starting with __ and the normal name is an alias.  */
| #if defined __stub_isfinite || defined __stub___isfinite
| choke me
| #endif
| 
| int
| main ()
| {
| return isfinite ();
|   ;
|   return 0;
| }
configure:18560: result: no
configure:18560: checking for isinf
configure:18560: g++ -o conftest    conftest.cpp  >&5
configure:18560: $? = 0
configure:18560: result: yes
configure:18560: checking for isnan
configure:18560: g++ -o conftest    conftest.cpp  >&5
configure:18560: $? = 0
configure:18560: result: yes
configure:18560: checking for lgamma
configure:18560: g++ -o conftest    conftest.cpp  >&5
configure:18560: $? = 0
configure:18560: result: yes
configure:18560: checking for log1p
configure:18560: g++ -o conftest    conftest.cpp  >&5
configure:18560: $? = 0
configure:18560: result: yes
configure:18560: checking for log2
configure:18560: g++ -o conftest    conftest.cpp  >&5
configure:18560: $? = 0
configure:18560: result: yes
configure:18560: checking for rint
configure:18560: g++ -o conftest    conftest.cpp  >&5
configure:18560: $? = 0
configure:18560: result: yes
configure:18560: checking for tgamma
configure:18560: g++ -o conftest    conftest.cpp  >&5
configure:18560: $? = 0
configure:18560: result: yes
configure:18579: checking how to get verbose linking output from g95
configure:18589: g95 -c -g -O2 conftest.f >&5
configure:18589: $? = 0
configure:18607: g95 -o conftest -g -O2 -v conftest.f
Using built-in specs.
Target: 
Configured with: ../configure --prefix=/opt/local/lib/g95/x86_64-apple-darwin12/4.2.4 --enable-languages=c --disable-multilib --with-included-gettext --with-libiconv=/opt/local --libdir=/opt/local/lib/g95/x86_64-apple-darwin12/4.2.4 --with-as=/usr/bin/as --with-ld=/usr/bin/ld --with-nm=/usr/bin/nm --build=x86_64-apple-darwin12 --host=x86_64-apple-darwin12
Thread model: posix
gcc version 4.2.4 (g95 0.92!) Nov  6 2012
 /opt/local/bin/../lib/g95/x86_64-apple-darwin12/4.2.4//f951 conftest.f -fPIC -feliminate-unused-debug-symbols -quiet -dumpbase conftest.f -mtune=generic -march=nocona -auxbase conftest -g -O2 -version -o /var/folders/rv/s_7bt2fs7835h_n9cygb7pmc0000gn/T//ccZbnmFD.s
G95 Fortran 95 version 4.2.4 (g95 0.92!) Nov  6 2012 (x86_64-apple-darwin12)
	compiled by GNU C version 4.2.4.
GGC heuristics: --param ggc-min-expand=100 --param ggc-min-heapsize=131072
 /usr/bin/as -arch x86_64 -force_cpusubtype_ALL -o /var/folders/rv/s_7bt2fs7835h_n9cygb7pmc0000gn/T//ccjuOG9b.o /var/folders/rv/s_7bt2fs7835h_n9cygb7pmc0000gn/T//ccZbnmFD.s
 /usr/bin/ld -dynamic -arch x86_64 -weak_reference_mismatches non-weak -o conftest -lcrt1.o -L/opt/local/bin/../lib/g95/x86_64-apple-darwin12/4.2.4/ -L/opt/local/bin/../lib/g95/x86_64-apple-darwin12/4.2.4 -L/opt/local/lib/g95/x86_64-apple-darwin12/4.2.4/ -L/opt/local/bin/../lib/g95/x86_64-apple-darwin12/4.2.4/// -L/opt/local/bin/../lib/g95/x86_64-apple-darwin12/4.2.4/ -L/opt/local/lib/g95/x86_64-apple-darwin12/4.2.4/// -L/opt/local/lib/g95/x86_64-apple-darwin12/4.2.4/ -L/usr/lib// /var/folders/rv/s_7bt2fs7835h_n9cygb7pmc0000gn/T//ccjuOG9b.o -lf95 -lm -lgcc -lSystem
ld: warning: -macosx_version_min not specified, assuming 10.7
configure:18672: result: -v
configure:18674: checking for Fortran 77 libraries of g95
configure:18697: g95 -o conftest -g -O2 -v conftest.f
Using built-in specs.
Target: 
Configured with: ../configure --prefix=/opt/local/lib/g95/x86_64-apple-darwin12/4.2.4 --enable-languages=c --disable-multilib --with-included-gettext --with-libiconv=/opt/local --libdir=/opt/local/lib/g95/x86_64-apple-darwin12/4.2.4 --with-as=/usr/bin/as --with-ld=/usr/bin/ld --with-nm=/usr/bin/nm --build=x86_64-apple-darwin12 --host=x86_64-apple-darwin12
Thread model: posix
gcc version 4.2.4 (g95 0.92!) Nov  6 2012
 /opt/local/bin/../lib/g95/x86_64-apple-darwin12/4.2.4//f951 conftest.f -fPIC -feliminate-unused-debug-symbols -quiet -dumpbase conftest.f -mtune=generic -march=nocona -auxbase conftest -g -O2 -version -o /var/folders/rv/s_7bt2fs7835h_n9cygb7pmc0000gn/T//cchPSiYr.s
G95 Fortran 95 version 4.2.4 (g95 0.92!) Nov  6 2012 (x86_64-apple-darwin12)
	compiled by GNU C version 4.2.4.
GGC heuristics: --param ggc-min-expand=100 --param ggc-min-heapsize=131072
 /usr/bin/as -arch x86_64 -force_cpusubtype_ALL -o /var/folders/rv/s_7bt2fs7835h_n9cygb7pmc0000gn/T//ccdxN0z8.o /var/folders/rv/s_7bt2fs7835h_n9cygb7pmc0000gn/T//cchPSiYr.s
 /usr/bin/ld -dynamic -arch x86_64 -weak_reference_mismatches non-weak -o conftest -lcrt1.o -L/opt/local/bin/../lib/g95/x86_64-apple-darwin12/4.2.4/ -L/opt/local/bin/../lib/g95/x86_64-apple-darwin12/4.2.4 -L/opt/local/lib/g95/x86_64-apple-darwin12/4.2.4/ -L/opt/local/bin/../lib/g95/x86_64-apple-darwin12/4.2.4/// -L/opt/local/bin/../lib/g95/x86_64-apple-darwin12/4.2.4/ -L/opt/local/lib/g95/x86_64-apple-darwin12/4.2.4/// -L/opt/local/lib/g95/x86_64-apple-darwin12/4.2.4/ -L/usr/lib// /var/folders/rv/s_7bt2fs7835h_n9cygb7pmc0000gn/T//ccdxN0z8.o -lf95 -lm -lgcc -lSystem
ld: warning: -macosx_version_min not specified, assuming 10.7
configure:18871: result:  -L/opt/local/bin/../lib/g95/x86_64-apple-darwin12/4.2.4/ -L/opt/local/bin/../lib/g95/x86_64-apple-darwin12/4.2.4 -L/opt/local/lib/g95/x86_64-apple-darwin12/4.2.4/ -L/opt/local/bin/../lib/g95/x86_64-apple-darwin12/4.2.4/// -L/opt/local/lib/g95/x86_64-apple-darwin12/4.2.4/// -L/usr/lib// -lf95 -lm
configure:18890: checking for dummy main to link with Fortran 77 libraries
configure:18924: gcc -o conftest -g -O2   conftest.c   -L/opt/local/bin/../lib/g95/x86_64-apple-darwin12/4.2.4/ -L/opt/local/bin/../lib/g95/x86_64-apple-darwin12/4.2.4 -L/opt/local/lib/g95/x86_64-apple-darwin12/4.2.4/ -L/opt/local/bin/../lib/g95/x86_64-apple-darwin12/4.2.4/// -L/opt/local/lib/g95/x86_64-apple-darwin12/4.2.4/// -L/usr/lib// -lf95 -lm >&5
configure:18924: $? = 0
configure:18969: result: none
configure:19002: checking for Fortran 77 name-mangling scheme
configure:19015: g95 -c -g -O2 conftest.f >&5
configure:19015: $? = 0
configure:19056: gcc -o conftest -g -O2   conftest.c cfortran_test.o   -L/opt/local/bin/../lib/g95/x86_64-apple-darwin12/4.2.4/ -L/opt/local/bin/../lib/g95/x86_64-apple-darwin12/4.2.4 -L/opt/local/lib/g95/x86_64-apple-darwin12/4.2.4/ -L/opt/local/bin/../lib/g95/x86_64-apple-darwin12/4.2.4/// -L/opt/local/lib/g95/x86_64-apple-darwin12/4.2.4/// -L/usr/lib// -lf95 -lm >&5
Undefined symbols for architecture x86_64:
  "_foobar", referenced from:
      _main in ccdEEpGe.o
     (maybe you meant: _foobar_)
ld: symbol(s) not found for architecture x86_64
collect2: ld returned 1 exit status
configure:19056: $? = 1
configure: failed program was:
| /* confdefs.h */
| #define PACKAGE_NAME "IT++"
| #define PACKAGE_TARNAME "itpp"
| #define PACKAGE_VERSION "4.2"
| #define PACKAGE_STRING "IT++ 4.2"
| #define PACKAGE_BUGREPORT "http://sourceforge.net/projects/itpp/forums/forum/115656"
| #define PACKAGE_URL ""
| #define PACKAGE "itpp"
| #define VERSION "4.2"
| #define STDC_HEADERS 1
| #define HAVE_SYS_TYPES_H 1
| #define HAVE_SYS_STAT_H 1
| #define HAVE_STDLIB_H 1
| #define HAVE_STRING_H 1
| #define HAVE_MEMORY_H 1
| #define HAVE_STRINGS_H 1
| #define HAVE_INTTYPES_H 1
| #define HAVE_STDINT_H 1
| #define HAVE_UNISTD_H 1
| #define HAVE_DLFCN_H 1
| #define LT_OBJDIR ".libs/"
| #define TIME_WITH_SYS_TIME 1
| #define HAVE_CMATH 1
| #define HAVE_COMPLEX 1
| #define HAVE_DECL_SIGNGAM 1
| #define HAVE_DECL_ISFINITE 0
| #define HAVE_DECL_ISINF 0
| #define HAVE_DECL_ISNAN 0
| #define HAVE_STD_ISFINITE 1
| #define HAVE_STD_ISINF 1
| #define HAVE_STD_ISNAN 1
| #define HAVE_ASINH 1
| #define HAVE_ACOSH 1
| #define HAVE_ATANH 1
| #define HAVE_CBRT 1
| #define HAVE_ERF 1
| #define HAVE_ERFC 1
| #define HAVE_EXPM1 1
| #define HAVE_FINITE 1
| #define HAVE_ISINF 1
| #define HAVE_ISNAN 1
| #define HAVE_LGAMMA 1
| #define HAVE_LOG1P 1
| #define HAVE_LOG2 1
| #define HAVE_RINT 1
| #define HAVE_TGAMMA 1
| /* end confdefs.h.  */
| 
| /* Override any GCC internal prototype to avoid an error.
|    Use char because int might match the return type of a GCC
|    builtin and then its argument prototype would still apply.  */
| #ifdef __cplusplus
| extern "C"
| #endif
| char foobar ();
| #ifdef F77_DUMMY_MAIN
| 
| #  ifdef __cplusplus
|      extern "C"
| #  endif
|    int F77_DUMMY_MAIN() { return 1; }
| 
| #endif
| int
| main ()
| {
| return foobar ();
|   ;
|   return 0;
| }
configure:19056: gcc -o conftest -g -O2   conftest.c cfortran_test.o   -L/opt/local/bin/../lib/g95/x86_64-apple-darwin12/4.2.4/ -L/opt/local/bin/../lib/g95/x86_64-apple-darwin12/4.2.4 -L/opt/local/lib/g95/x86_64-apple-darwin12/4.2.4/ -L/opt/local/bin/../lib/g95/x86_64-apple-darwin12/4.2.4/// -L/opt/local/lib/g95/x86_64-apple-darwin12/4.2.4/// -L/usr/lib// -lf95 -lm >&5
configure:19056: $? = 0
configure:19114: gcc -o conftest -g -O2   conftest.c cfortran_test.o   -L/opt/local/bin/../lib/g95/x86_64-apple-darwin12/4.2.4/ -L/opt/local/bin/../lib/g95/x86_64-apple-darwin12/4.2.4 -L/opt/local/lib/g95/x86_64-apple-darwin12/4.2.4/ -L/opt/local/bin/../lib/g95/x86_64-apple-darwin12/4.2.4/// -L/opt/local/lib/g95/x86_64-apple-darwin12/4.2.4/// -L/usr/lib// -lf95 -lm >&5
Undefined symbols for architecture x86_64:
  "_foo_bar_", referenced from:
      _main in ccXkf26e.o
     (maybe you meant: _foo_bar__)
ld: symbol(s) not found for architecture x86_64
collect2: ld returned 1 exit status
configure:19114: $? = 1
configure: failed program was:
| /* confdefs.h */
| #define PACKAGE_NAME "IT++"
| #define PACKAGE_TARNAME "itpp"
| #define PACKAGE_VERSION "4.2"
| #define PACKAGE_STRING "IT++ 4.2"
| #define PACKAGE_BUGREPORT "http://sourceforge.net/projects/itpp/forums/forum/115656"
| #define PACKAGE_URL ""
| #define PACKAGE "itpp"
| #define VERSION "4.2"
| #define STDC_HEADERS 1
| #define HAVE_SYS_TYPES_H 1
| #define HAVE_SYS_STAT_H 1
| #define HAVE_STDLIB_H 1
| #define HAVE_STRING_H 1
| #define HAVE_MEMORY_H 1
| #define HAVE_STRINGS_H 1
| #define HAVE_INTTYPES_H 1
| #define HAVE_STDINT_H 1
| #define HAVE_UNISTD_H 1
| #define HAVE_DLFCN_H 1
| #define LT_OBJDIR ".libs/"
| #define TIME_WITH_SYS_TIME 1
| #define HAVE_CMATH 1
| #define HAVE_COMPLEX 1
| #define HAVE_DECL_SIGNGAM 1
| #define HAVE_DECL_ISFINITE 0
| #define HAVE_DECL_ISINF 0
| #define HAVE_DECL_ISNAN 0
| #define HAVE_STD_ISFINITE 1
| #define HAVE_STD_ISINF 1
| #define HAVE_STD_ISNAN 1
| #define HAVE_ASINH 1
| #define HAVE_ACOSH 1
| #define HAVE_ATANH 1
| #define HAVE_CBRT 1
| #define HAVE_ERF 1
| #define HAVE_ERFC 1
| #define HAVE_EXPM1 1
| #define HAVE_FINITE 1
| #define HAVE_ISINF 1
| #define HAVE_ISNAN 1
| #define HAVE_LGAMMA 1
| #define HAVE_LOG1P 1
| #define HAVE_LOG2 1
| #define HAVE_RINT 1
| #define HAVE_TGAMMA 1
| /* end confdefs.h.  */
| 
| /* Override any GCC internal prototype to avoid an error.
|    Use char because int might match the return type of a GCC
|    builtin and then its argument prototype would still apply.  */
| #ifdef __cplusplus
| extern "C"
| #endif
| char foo_bar_ ();
| #ifdef F77_DUMMY_MAIN
| 
| #  ifdef __cplusplus
|      extern "C"
| #  endif
|    int F77_DUMMY_MAIN() { return 1; }
| 
| #endif
| int
| main ()
| {
| return foo_bar_ ();
|   ;
|   return 0;
| }
configure:19114: gcc -o conftest -g -O2   conftest.c cfortran_test.o   -L/opt/local/bin/../lib/g95/x86_64-apple-darwin12/4.2.4/ -L/opt/local/bin/../lib/g95/x86_64-apple-darwin12/4.2.4 -L/opt/local/lib/g95/x86_64-apple-darwin12/4.2.4/ -L/opt/local/bin/../lib/g95/x86_64-apple-darwin12/4.2.4/// -L/opt/local/lib/g95/x86_64-apple-darwin12/4.2.4/// -L/usr/lib// -lf95 -lm >&5
configure:19114: $? = 0
configure:19156: result: lower case, underscore, extra underscore
configure:19347: checking for sgemm_ in -lmkl_core
configure:19380: g++ -o conftest    conftest.cpp -lmkl_core -lmkl_gnu_thread -lmkl_gf_lp64 -liomp5 -lpthread  >&5
ld: library not found for -lmkl_core
collect2: ld returned 1 exit status
configure:19380: $? = 1
configure: failed program was:
| /* confdefs.h */
| #define PACKAGE_NAME "IT++"
| #define PACKAGE_TARNAME "itpp"
| #define PACKAGE_VERSION "4.2"
| #define PACKAGE_STRING "IT++ 4.2"
| #define PACKAGE_BUGREPORT "http://sourceforge.net/projects/itpp/forums/forum/115656"
| #define PACKAGE_URL ""
| #define PACKAGE "itpp"
| #define VERSION "4.2"
| #define STDC_HEADERS 1
| #define HAVE_SYS_TYPES_H 1
| #define HAVE_SYS_STAT_H 1
| #define HAVE_STDLIB_H 1
| #define HAVE_STRING_H 1
| #define HAVE_MEMORY_H 1
| #define HAVE_STRINGS_H 1
| #define HAVE_INTTYPES_H 1
| #define HAVE_STDINT_H 1
| #define HAVE_UNISTD_H 1
| #define HAVE_DLFCN_H 1
| #define LT_OBJDIR ".libs/"
| #define TIME_WITH_SYS_TIME 1
| #define HAVE_CMATH 1
| #define HAVE_COMPLEX 1
| #define HAVE_DECL_SIGNGAM 1
| #define HAVE_DECL_ISFINITE 0
| #define HAVE_DECL_ISINF 0
| #define HAVE_DECL_ISNAN 0
| #define HAVE_STD_ISFINITE 1
| #define HAVE_STD_ISINF 1
| #define HAVE_STD_ISNAN 1
| #define HAVE_ASINH 1
| #define HAVE_ACOSH 1
| #define HAVE_ATANH 1
| #define HAVE_CBRT 1
| #define HAVE_ERF 1
| #define HAVE_ERFC 1
| #define HAVE_EXPM1 1
| #define HAVE_FINITE 1
| #define HAVE_ISINF 1
| #define HAVE_ISNAN 1
| #define HAVE_LGAMMA 1
| #define HAVE_LOG1P 1
| #define HAVE_LOG2 1
| #define HAVE_RINT 1
| #define HAVE_TGAMMA 1
| /* end confdefs.h.  */
| 
| /* Override any GCC internal prototype to avoid an error.
|    Use char because int might match the return type of a GCC
|    builtin and then its argument prototype would still apply.  */
| #ifdef __cplusplus
| extern "C"
| #endif
| char sgemm_ ();
| #ifdef F77_DUMMY_MAIN
| 
| #  ifdef __cplusplus
|      extern "C"
| #  endif
|    int F77_DUMMY_MAIN() { return 1; }
| 
| #endif
| int
| main ()
| {
| return sgemm_ ();
|   ;
|   return 0;
| }
configure:19390: result: no
configure:19398: checking for dgemm_ in -lmkl_core
configure:19431: g++ -o conftest    conftest.cpp -lmkl_core -lmkl_gnu_thread -lmkl_gf -liomp5 -lpthread  >&5
ld: library not found for -lmkl_core
collect2: ld returned 1 exit status
configure:19431: $? = 1
configure: failed program was:
| /* confdefs.h */
| #define PACKAGE_NAME "IT++"
| #define PACKAGE_TARNAME "itpp"
| #define PACKAGE_VERSION "4.2"
| #define PACKAGE_STRING "IT++ 4.2"
| #define PACKAGE_BUGREPORT "http://sourceforge.net/projects/itpp/forums/forum/115656"
| #define PACKAGE_URL ""
| #define PACKAGE "itpp"
| #define VERSION "4.2"
| #define STDC_HEADERS 1
| #define HAVE_SYS_TYPES_H 1
| #define HAVE_SYS_STAT_H 1
| #define HAVE_STDLIB_H 1
| #define HAVE_STRING_H 1
| #define HAVE_MEMORY_H 1
| #define HAVE_STRINGS_H 1
| #define HAVE_INTTYPES_H 1
| #define HAVE_STDINT_H 1
| #define HAVE_UNISTD_H 1
| #define HAVE_DLFCN_H 1
| #define LT_OBJDIR ".libs/"
| #define TIME_WITH_SYS_TIME 1
| #define HAVE_CMATH 1
| #define HAVE_COMPLEX 1
| #define HAVE_DECL_SIGNGAM 1
| #define HAVE_DECL_ISFINITE 0
| #define HAVE_DECL_ISINF 0
| #define HAVE_DECL_ISNAN 0
| #define HAVE_STD_ISFINITE 1
| #define HAVE_STD_ISINF 1
| #define HAVE_STD_ISNAN 1
| #define HAVE_ASINH 1
| #define HAVE_ACOSH 1
| #define HAVE_ATANH 1
| #define HAVE_CBRT 1
| #define HAVE_ERF 1
| #define HAVE_ERFC 1
| #define HAVE_EXPM1 1
| #define HAVE_FINITE 1
| #define HAVE_ISINF 1
| #define HAVE_ISNAN 1
| #define HAVE_LGAMMA 1
| #define HAVE_LOG1P 1
| #define HAVE_LOG2 1
| #define HAVE_RINT 1
| #define HAVE_TGAMMA 1
| /* end confdefs.h.  */
| 
| /* Override any GCC internal prototype to avoid an error.
|    Use char because int might match the return type of a GCC
|    builtin and then its argument prototype would still apply.  */
| #ifdef __cplusplus
| extern "C"
| #endif
| char dgemm_ ();
| #ifdef F77_DUMMY_MAIN
| 
| #  ifdef __cplusplus
|      extern "C"
| #  endif
|    int F77_DUMMY_MAIN() { return 1; }
| 
| #endif
| int
| main ()
| {
| return dgemm_ ();
|   ;
|   return 0;
| }
configure:19441: result: no
configure:19463: checking for sgemm_ in -lacml
configure:19496: g++ -o conftest    conftest.cpp -lacml   -lf95 -lm >&5
ld: library not found for -lacml
collect2: ld returned 1 exit status
configure:19496: $? = 1
configure: failed program was:
| /* confdefs.h */
| #define PACKAGE_NAME "IT++"
| #define PACKAGE_TARNAME "itpp"
| #define PACKAGE_VERSION "4.2"
| #define PACKAGE_STRING "IT++ 4.2"
| #define PACKAGE_BUGREPORT "http://sourceforge.net/projects/itpp/forums/forum/115656"
| #define PACKAGE_URL ""
| #define PACKAGE "itpp"
| #define VERSION "4.2"
| #define STDC_HEADERS 1
| #define HAVE_SYS_TYPES_H 1
| #define HAVE_SYS_STAT_H 1
| #define HAVE_STDLIB_H 1
| #define HAVE_STRING_H 1
| #define HAVE_MEMORY_H 1
| #define HAVE_STRINGS_H 1
| #define HAVE_INTTYPES_H 1
| #define HAVE_STDINT_H 1
| #define HAVE_UNISTD_H 1
| #define HAVE_DLFCN_H 1
| #define LT_OBJDIR ".libs/"
| #define TIME_WITH_SYS_TIME 1
| #define HAVE_CMATH 1
| #define HAVE_COMPLEX 1
| #define HAVE_DECL_SIGNGAM 1
| #define HAVE_DECL_ISFINITE 0
| #define HAVE_DECL_ISINF 0
| #define HAVE_DECL_ISNAN 0
| #define HAVE_STD_ISFINITE 1
| #define HAVE_STD_ISINF 1
| #define HAVE_STD_ISNAN 1
| #define HAVE_ASINH 1
| #define HAVE_ACOSH 1
| #define HAVE_ATANH 1
| #define HAVE_CBRT 1
| #define HAVE_ERF 1
| #define HAVE_ERFC 1
| #define HAVE_EXPM1 1
| #define HAVE_FINITE 1
| #define HAVE_ISINF 1
| #define HAVE_ISNAN 1
| #define HAVE_LGAMMA 1
| #define HAVE_LOG1P 1
| #define HAVE_LOG2 1
| #define HAVE_RINT 1
| #define HAVE_TGAMMA 1
| /* end confdefs.h.  */
| 
| /* Override any GCC internal prototype to avoid an error.
|    Use char because int might match the return type of a GCC
|    builtin and then its argument prototype would still apply.  */
| #ifdef __cplusplus
| extern "C"
| #endif
| char sgemm_ ();
| #ifdef F77_DUMMY_MAIN
| 
| #  ifdef __cplusplus
|      extern "C"
| #  endif
|    int F77_DUMMY_MAIN() { return 1; }
| 
| #endif
| int
| main ()
| {
| return sgemm_ ();
|   ;
|   return 0;
| }
configure:19506: result: no
configure:19513: checking for sgemm_ in -lacml_mp
configure:19546: g++ -o conftest    conftest.cpp -lacml_mp   -lf95 -lm >&5
ld: library not found for -lacml_mp
collect2: ld returned 1 exit status
configure:19546: $? = 1
configure: failed program was:
| /* confdefs.h */
| #define PACKAGE_NAME "IT++"
| #define PACKAGE_TARNAME "itpp"
| #define PACKAGE_VERSION "4.2"
| #define PACKAGE_STRING "IT++ 4.2"
| #define PACKAGE_BUGREPORT "http://sourceforge.net/projects/itpp/forums/forum/115656"
| #define PACKAGE_URL ""
| #define PACKAGE "itpp"
| #define VERSION "4.2"
| #define STDC_HEADERS 1
| #define HAVE_SYS_TYPES_H 1
| #define HAVE_SYS_STAT_H 1
| #define HAVE_STDLIB_H 1
| #define HAVE_STRING_H 1
| #define HAVE_MEMORY_H 1
| #define HAVE_STRINGS_H 1
| #define HAVE_INTTYPES_H 1
| #define HAVE_STDINT_H 1
| #define HAVE_UNISTD_H 1
| #define HAVE_DLFCN_H 1
| #define LT_OBJDIR ".libs/"
| #define TIME_WITH_SYS_TIME 1
| #define HAVE_CMATH 1
| #define HAVE_COMPLEX 1
| #define HAVE_DECL_SIGNGAM 1
| #define HAVE_DECL_ISFINITE 0
| #define HAVE_DECL_ISINF 0
| #define HAVE_DECL_ISNAN 0
| #define HAVE_STD_ISFINITE 1
| #define HAVE_STD_ISINF 1
| #define HAVE_STD_ISNAN 1
| #define HAVE_ASINH 1
| #define HAVE_ACOSH 1
| #define HAVE_ATANH 1
| #define HAVE_CBRT 1
| #define HAVE_ERF 1
| #define HAVE_ERFC 1
| #define HAVE_EXPM1 1
| #define HAVE_FINITE 1
| #define HAVE_ISINF 1
| #define HAVE_ISNAN 1
| #define HAVE_LGAMMA 1
| #define HAVE_LOG1P 1
| #define HAVE_LOG2 1
| #define HAVE_RINT 1
| #define HAVE_TGAMMA 1
| /* end confdefs.h.  */
| 
| /* Override any GCC internal prototype to avoid an error.
|    Use char because int might match the return type of a GCC
|    builtin and then its argument prototype would still apply.  */
| #ifdef __cplusplus
| extern "C"
| #endif
| char sgemm_ ();
| #ifdef F77_DUMMY_MAIN
| 
| #  ifdef __cplusplus
|      extern "C"
| #  endif
|    int F77_DUMMY_MAIN() { return 1; }
| 
| #endif
| int
| main ()
| {
| return sgemm_ ();
|   ;
|   return 0;
| }
configure:19556: result: no
configure:19563: checking for dgemm_ in -lacml
configure:19596: g++ -o conftest    conftest.cpp -lacml   -lf95 -lm >&5
ld: library not found for -lacml
collect2: ld returned 1 exit status
configure:19596: $? = 1
configure: failed program was:
| /* confdefs.h */
| #define PACKAGE_NAME "IT++"
| #define PACKAGE_TARNAME "itpp"
| #define PACKAGE_VERSION "4.2"
| #define PACKAGE_STRING "IT++ 4.2"
| #define PACKAGE_BUGREPORT "http://sourceforge.net/projects/itpp/forums/forum/115656"
| #define PACKAGE_URL ""
| #define PACKAGE "itpp"
| #define VERSION "4.2"
| #define STDC_HEADERS 1
| #define HAVE_SYS_TYPES_H 1
| #define HAVE_SYS_STAT_H 1
| #define HAVE_STDLIB_H 1
| #define HAVE_STRING_H 1
| #define HAVE_MEMORY_H 1
| #define HAVE_STRINGS_H 1
| #define HAVE_INTTYPES_H 1
| #define HAVE_STDINT_H 1
| #define HAVE_UNISTD_H 1
| #define HAVE_DLFCN_H 1
| #define LT_OBJDIR ".libs/"
| #define TIME_WITH_SYS_TIME 1
| #define HAVE_CMATH 1
| #define HAVE_COMPLEX 1
| #define HAVE_DECL_SIGNGAM 1
| #define HAVE_DECL_ISFINITE 0
| #define HAVE_DECL_ISINF 0
| #define HAVE_DECL_ISNAN 0
| #define HAVE_STD_ISFINITE 1
| #define HAVE_STD_ISINF 1
| #define HAVE_STD_ISNAN 1
| #define HAVE_ASINH 1
| #define HAVE_ACOSH 1
| #define HAVE_ATANH 1
| #define HAVE_CBRT 1
| #define HAVE_ERF 1
| #define HAVE_ERFC 1
| #define HAVE_EXPM1 1
| #define HAVE_FINITE 1
| #define HAVE_ISINF 1
| #define HAVE_ISNAN 1
| #define HAVE_LGAMMA 1
| #define HAVE_LOG1P 1
| #define HAVE_LOG2 1
| #define HAVE_RINT 1
| #define HAVE_TGAMMA 1
| /* end confdefs.h.  */
| 
| /* Override any GCC internal prototype to avoid an error.
|    Use char because int might match the return type of a GCC
|    builtin and then its argument prototype would still apply.  */
| #ifdef __cplusplus
| extern "C"
| #endif
| char dgemm_ ();
| #ifdef F77_DUMMY_MAIN
| 
| #  ifdef __cplusplus
|      extern "C"
| #  endif
|    int F77_DUMMY_MAIN() { return 1; }
| 
| #endif
| int
| main ()
| {
| return dgemm_ ();
|   ;
|   return 0;
| }
configure:19606: result: no
configure:19614: checking for dgemm_ in -lacml_mp
configure:19647: g++ -o conftest    conftest.cpp -lacml_mp -lacml_mv  -lf95 -lm >&5
ld: library not found for -lacml_mp
collect2: ld returned 1 exit status
configure:19647: $? = 1
configure: failed program was:
| /* confdefs.h */
| #define PACKAGE_NAME "IT++"
| #define PACKAGE_TARNAME "itpp"
| #define PACKAGE_VERSION "4.2"
| #define PACKAGE_STRING "IT++ 4.2"
| #define PACKAGE_BUGREPORT "http://sourceforge.net/projects/itpp/forums/forum/115656"
| #define PACKAGE_URL ""
| #define PACKAGE "itpp"
| #define VERSION "4.2"
| #define STDC_HEADERS 1
| #define HAVE_SYS_TYPES_H 1
| #define HAVE_SYS_STAT_H 1
| #define HAVE_STDLIB_H 1
| #define HAVE_STRING_H 1
| #define HAVE_MEMORY_H 1
| #define HAVE_STRINGS_H 1
| #define HAVE_INTTYPES_H 1
| #define HAVE_STDINT_H 1
| #define HAVE_UNISTD_H 1
| #define HAVE_DLFCN_H 1
| #define LT_OBJDIR ".libs/"
| #define TIME_WITH_SYS_TIME 1
| #define HAVE_CMATH 1
| #define HAVE_COMPLEX 1
| #define HAVE_DECL_SIGNGAM 1
| #define HAVE_DECL_ISFINITE 0
| #define HAVE_DECL_ISINF 0
| #define HAVE_DECL_ISNAN 0
| #define HAVE_STD_ISFINITE 1
| #define HAVE_STD_ISINF 1
| #define HAVE_STD_ISNAN 1
| #define HAVE_ASINH 1
| #define HAVE_ACOSH 1
| #define HAVE_ATANH 1
| #define HAVE_CBRT 1
| #define HAVE_ERF 1
| #define HAVE_ERFC 1
| #define HAVE_EXPM1 1
| #define HAVE_FINITE 1
| #define HAVE_ISINF 1
| #define HAVE_ISNAN 1
| #define HAVE_LGAMMA 1
| #define HAVE_LOG1P 1
| #define HAVE_LOG2 1
| #define HAVE_RINT 1
| #define HAVE_TGAMMA 1
| /* end confdefs.h.  */
| 
| /* Override any GCC internal prototype to avoid an error.
|    Use char because int might match the return type of a GCC
|    builtin and then its argument prototype would still apply.  */
| #ifdef __cplusplus
| extern "C"
| #endif
| char dgemm_ ();
| #ifdef F77_DUMMY_MAIN
| 
| #  ifdef __cplusplus
|      extern "C"
| #  endif
|    int F77_DUMMY_MAIN() { return 1; }
| 
| #endif
| int
| main ()
| {
| return dgemm_ ();
|   ;
|   return 0;
| }
configure:19657: result: no
configure:19677: checking for ATL_xerbla in -latlas
configure:19710: g++ -o conftest    conftest.cpp -latlas   -lf95 -lm >&5
ld: library not found for -lf95
collect2: ld returned 1 exit status
configure:19710: $? = 1
configure: failed program was:
| /* confdefs.h */
| #define PACKAGE_NAME "IT++"
| #define PACKAGE_TARNAME "itpp"
| #define PACKAGE_VERSION "4.2"
| #define PACKAGE_STRING "IT++ 4.2"
| #define PACKAGE_BUGREPORT "http://sourceforge.net/projects/itpp/forums/forum/115656"
| #define PACKAGE_URL ""
| #define PACKAGE "itpp"
| #define VERSION "4.2"
| #define STDC_HEADERS 1
| #define HAVE_SYS_TYPES_H 1
| #define HAVE_SYS_STAT_H 1
| #define HAVE_STDLIB_H 1
| #define HAVE_STRING_H 1
| #define HAVE_MEMORY_H 1
| #define HAVE_STRINGS_H 1
| #define HAVE_INTTYPES_H 1
| #define HAVE_STDINT_H 1
| #define HAVE_UNISTD_H 1
| #define HAVE_DLFCN_H 1
| #define LT_OBJDIR ".libs/"
| #define TIME_WITH_SYS_TIME 1
| #define HAVE_CMATH 1
| #define HAVE_COMPLEX 1
| #define HAVE_DECL_SIGNGAM 1
| #define HAVE_DECL_ISFINITE 0
| #define HAVE_DECL_ISINF 0
| #define HAVE_DECL_ISNAN 0
| #define HAVE_STD_ISFINITE 1
| #define HAVE_STD_ISINF 1
| #define HAVE_STD_ISNAN 1
| #define HAVE_ASINH 1
| #define HAVE_ACOSH 1
| #define HAVE_ATANH 1
| #define HAVE_CBRT 1
| #define HAVE_ERF 1
| #define HAVE_ERFC 1
| #define HAVE_EXPM1 1
| #define HAVE_FINITE 1
| #define HAVE_ISINF 1
| #define HAVE_ISNAN 1
| #define HAVE_LGAMMA 1
| #define HAVE_LOG1P 1
| #define HAVE_LOG2 1
| #define HAVE_RINT 1
| #define HAVE_TGAMMA 1
| /* end confdefs.h.  */
| 
| /* Override any GCC internal prototype to avoid an error.
|    Use char because int might match the return type of a GCC
|    builtin and then its argument prototype would still apply.  */
| #ifdef __cplusplus
| extern "C"
| #endif
| char ATL_xerbla ();
| #ifdef F77_DUMMY_MAIN
| 
| #  ifdef __cplusplus
|      extern "C"
| #  endif
|    int F77_DUMMY_MAIN() { return 1; }
| 
| #endif
| int
| main ()
| {
| return ATL_xerbla ();
|   ;
|   return 0;
| }
configure:19719: result: no
configure:19877: checking for sgemm_ in -lblas
configure:19910: g++ -o conftest    conftest.cpp -lblas   >&5
configure:19910: $? = 0
configure:19920: result: yes
configure:19985: checking for MKLGetVersion in -lblas
configure:20013: g++ -o conftest    conftest.cpp -lblas  >&5
Undefined symbols for architecture x86_64:
  "_MKLGetVersion", referenced from:
      _main in ccKEZx6n.o
ld: symbol(s) not found for architecture x86_64
collect2: ld returned 1 exit status
configure:20013: $? = 1
configure: failed program was:
| /* confdefs.h */
| #define PACKAGE_NAME "IT++"
| #define PACKAGE_TARNAME "itpp"
| #define PACKAGE_VERSION "4.2"
| #define PACKAGE_STRING "IT++ 4.2"
| #define PACKAGE_BUGREPORT "http://sourceforge.net/projects/itpp/forums/forum/115656"
| #define PACKAGE_URL ""
| #define PACKAGE "itpp"
| #define VERSION "4.2"
| #define STDC_HEADERS 1
| #define HAVE_SYS_TYPES_H 1
| #define HAVE_SYS_STAT_H 1
| #define HAVE_STDLIB_H 1
| #define HAVE_STRING_H 1
| #define HAVE_MEMORY_H 1
| #define HAVE_STRINGS_H 1
| #define HAVE_INTTYPES_H 1
| #define HAVE_STDINT_H 1
| #define HAVE_UNISTD_H 1
| #define HAVE_DLFCN_H 1
| #define LT_OBJDIR ".libs/"
| #define TIME_WITH_SYS_TIME 1
| #define HAVE_CMATH 1
| #define HAVE_COMPLEX 1
| #define HAVE_DECL_SIGNGAM 1
| #define HAVE_DECL_ISFINITE 0
| #define HAVE_DECL_ISINF 0
| #define HAVE_DECL_ISNAN 0
| #define HAVE_STD_ISFINITE 1
| #define HAVE_STD_ISINF 1
| #define HAVE_STD_ISNAN 1
| #define HAVE_ASINH 1
| #define HAVE_ACOSH 1
| #define HAVE_ATANH 1
| #define HAVE_CBRT 1
| #define HAVE_ERF 1
| #define HAVE_ERFC 1
| #define HAVE_EXPM1 1
| #define HAVE_FINITE 1
| #define HAVE_ISINF 1
| #define HAVE_ISNAN 1
| #define HAVE_LGAMMA 1
| #define HAVE_LOG1P 1
| #define HAVE_LOG2 1
| #define HAVE_RINT 1
| #define HAVE_TGAMMA 1
| /* end confdefs.h.  */
| 
| /* Override any GCC internal prototype to avoid an error.
|    Use char because int might match the return type of a GCC
|    builtin and then its argument prototype would still apply.  */
| #ifdef __cplusplus
| extern "C"
| #endif
| char MKLGetVersion ();
| #ifdef F77_DUMMY_MAIN
| 
| #  ifdef __cplusplus
|      extern "C"
| #  endif
|    int F77_DUMMY_MAIN() { return 1; }
| 
| #endif
| int
| main ()
| {
| return MKLGetVersion ();
|   ;
|   return 0;
| }
configure:20018: result: no
configure:20021: checking for acmlversion in -lblas
configure:20049: g++ -o conftest    conftest.cpp -lblas  >&5
Undefined symbols for architecture x86_64:
  "_acmlversion", referenced from:
      _main in ccHbKyc3.o
ld: symbol(s) not found for architecture x86_64
collect2: ld returned 1 exit status
configure:20049: $? = 1
configure: failed program was:
| /* confdefs.h */
| #define PACKAGE_NAME "IT++"
| #define PACKAGE_TARNAME "itpp"
| #define PACKAGE_VERSION "4.2"
| #define PACKAGE_STRING "IT++ 4.2"
| #define PACKAGE_BUGREPORT "http://sourceforge.net/projects/itpp/forums/forum/115656"
| #define PACKAGE_URL ""
| #define PACKAGE "itpp"
| #define VERSION "4.2"
| #define STDC_HEADERS 1
| #define HAVE_SYS_TYPES_H 1
| #define HAVE_SYS_STAT_H 1
| #define HAVE_STDLIB_H 1
| #define HAVE_STRING_H 1
| #define HAVE_MEMORY_H 1
| #define HAVE_STRINGS_H 1
| #define HAVE_INTTYPES_H 1
| #define HAVE_STDINT_H 1
| #define HAVE_UNISTD_H 1
| #define HAVE_DLFCN_H 1
| #define LT_OBJDIR ".libs/"
| #define TIME_WITH_SYS_TIME 1
| #define HAVE_CMATH 1
| #define HAVE_COMPLEX 1
| #define HAVE_DECL_SIGNGAM 1
| #define HAVE_DECL_ISFINITE 0
| #define HAVE_DECL_ISINF 0
| #define HAVE_DECL_ISNAN 0
| #define HAVE_STD_ISFINITE 1
| #define HAVE_STD_ISINF 1
| #define HAVE_STD_ISNAN 1
| #define HAVE_ASINH 1
| #define HAVE_ACOSH 1
| #define HAVE_ATANH 1
| #define HAVE_CBRT 1
| #define HAVE_ERF 1
| #define HAVE_ERFC 1
| #define HAVE_EXPM1 1
| #define HAVE_FINITE 1
| #define HAVE_ISINF 1
| #define HAVE_ISNAN 1
| #define HAVE_LGAMMA 1
| #define HAVE_LOG1P 1
| #define HAVE_LOG2 1
| #define HAVE_RINT 1
| #define HAVE_TGAMMA 1
| /* end confdefs.h.  */
| 
| /* Override any GCC internal prototype to avoid an error.
|    Use char because int might match the return type of a GCC
|    builtin and then its argument prototype would still apply.  */
| #ifdef __cplusplus
| extern "C"
| #endif
| char acmlversion ();
| #ifdef F77_DUMMY_MAIN
| 
| #  ifdef __cplusplus
|      extern "C"
| #  endif
|    int F77_DUMMY_MAIN() { return 1; }
| 
| #endif
| int
| main ()
| {
| return acmlversion ();
|   ;
|   return 0;
| }
configure:20054: result: no
configure:20058: checking for ATL_xerbla in -lblas
configure:20086: g++ -o conftest    conftest.cpp -lblas  >&5
Undefined symbols for architecture x86_64:
  "_ATL_xerbla", referenced from:
      _main in ccwd2WpI.o
ld: symbol(s) not found for architecture x86_64
collect2: ld returned 1 exit status
configure:20086: $? = 1
configure: failed program was:
| /* confdefs.h */
| #define PACKAGE_NAME "IT++"
| #define PACKAGE_TARNAME "itpp"
| #define PACKAGE_VERSION "4.2"
| #define PACKAGE_STRING "IT++ 4.2"
| #define PACKAGE_BUGREPORT "http://sourceforge.net/projects/itpp/forums/forum/115656"
| #define PACKAGE_URL ""
| #define PACKAGE "itpp"
| #define VERSION "4.2"
| #define STDC_HEADERS 1
| #define HAVE_SYS_TYPES_H 1
| #define HAVE_SYS_STAT_H 1
| #define HAVE_STDLIB_H 1
| #define HAVE_STRING_H 1
| #define HAVE_MEMORY_H 1
| #define HAVE_STRINGS_H 1
| #define HAVE_INTTYPES_H 1
| #define HAVE_STDINT_H 1
| #define HAVE_UNISTD_H 1
| #define HAVE_DLFCN_H 1
| #define LT_OBJDIR ".libs/"
| #define TIME_WITH_SYS_TIME 1
| #define HAVE_CMATH 1
| #define HAVE_COMPLEX 1
| #define HAVE_DECL_SIGNGAM 1
| #define HAVE_DECL_ISFINITE 0
| #define HAVE_DECL_ISINF 0
| #define HAVE_DECL_ISNAN 0
| #define HAVE_STD_ISFINITE 1
| #define HAVE_STD_ISINF 1
| #define HAVE_STD_ISNAN 1
| #define HAVE_ASINH 1
| #define HAVE_ACOSH 1
| #define HAVE_ATANH 1
| #define HAVE_CBRT 1
| #define HAVE_ERF 1
| #define HAVE_ERFC 1
| #define HAVE_EXPM1 1
| #define HAVE_FINITE 1
| #define HAVE_ISINF 1
| #define HAVE_ISNAN 1
| #define HAVE_LGAMMA 1
| #define HAVE_LOG1P 1
| #define HAVE_LOG2 1
| #define HAVE_RINT 1
| #define HAVE_TGAMMA 1
| /* end confdefs.h.  */
| 
| /* Override any GCC internal prototype to avoid an error.
|    Use char because int might match the return type of a GCC
|    builtin and then its argument prototype would still apply.  */
| #ifdef __cplusplus
| extern "C"
| #endif
| char ATL_xerbla ();
| #ifdef F77_DUMMY_MAIN
| 
| #  ifdef __cplusplus
|      extern "C"
| #  endif
|    int F77_DUMMY_MAIN() { return 1; }
| 
| #endif
| int
| main ()
| {
| return ATL_xerbla ();
|   ;
|   return 0;
| }
configure:20091: result: no
configure:20204: checking for cheev_
configure:20204: g++ -o conftest    conftest.cpp  -lblas >&5
Undefined symbols for architecture x86_64:
  "_cheev_", referenced from:
      _main in ccWxjn50.o
ld: symbol(s) not found for architecture x86_64
collect2: ld returned 1 exit status
configure:20204: $? = 1
configure: failed program was:
| /* confdefs.h */
| #define PACKAGE_NAME "IT++"
| #define PACKAGE_TARNAME "itpp"
| #define PACKAGE_VERSION "4.2"
| #define PACKAGE_STRING "IT++ 4.2"
| #define PACKAGE_BUGREPORT "http://sourceforge.net/projects/itpp/forums/forum/115656"
| #define PACKAGE_URL ""
| #define PACKAGE "itpp"
| #define VERSION "4.2"
| #define STDC_HEADERS 1
| #define HAVE_SYS_TYPES_H 1
| #define HAVE_SYS_STAT_H 1
| #define HAVE_STDLIB_H 1
| #define HAVE_STRING_H 1
| #define HAVE_MEMORY_H 1
| #define HAVE_STRINGS_H 1
| #define HAVE_INTTYPES_H 1
| #define HAVE_STDINT_H 1
| #define HAVE_UNISTD_H 1
| #define HAVE_DLFCN_H 1
| #define LT_OBJDIR ".libs/"
| #define TIME_WITH_SYS_TIME 1
| #define HAVE_CMATH 1
| #define HAVE_COMPLEX 1
| #define HAVE_DECL_SIGNGAM 1
| #define HAVE_DECL_ISFINITE 0
| #define HAVE_DECL_ISINF 0
| #define HAVE_DECL_ISNAN 0
| #define HAVE_STD_ISFINITE 1
| #define HAVE_STD_ISINF 1
| #define HAVE_STD_ISNAN 1
| #define HAVE_ASINH 1
| #define HAVE_ACOSH 1
| #define HAVE_ATANH 1
| #define HAVE_CBRT 1
| #define HAVE_ERF 1
| #define HAVE_ERFC 1
| #define HAVE_EXPM1 1
| #define HAVE_FINITE 1
| #define HAVE_ISINF 1
| #define HAVE_ISNAN 1
| #define HAVE_LGAMMA 1
| #define HAVE_LOG1P 1
| #define HAVE_LOG2 1
| #define HAVE_RINT 1
| #define HAVE_TGAMMA 1
| #define HAVE_BLAS 1
| /* end confdefs.h.  */
| /* Define cheev_ to an innocuous variant, in case <limits.h> declares cheev_.
|    For example, HP-UX 11i <limits.h> declares gettimeofday.  */
| #define cheev_ innocuous_cheev_
| 
| /* System header to define __stub macros and hopefully few prototypes,
|     which can conflict with char cheev_ (); below.
|     Prefer <limits.h> to <assert.h> if __STDC__ is defined, since
|     <limits.h> exists even on freestanding compilers.  */
| 
| #ifdef __STDC__
| # include <limits.h>
| #else
| # include <assert.h>
| #endif
| 
| #undef cheev_
| 
| /* Override any GCC internal prototype to avoid an error.
|    Use char because int might match the return type of a GCC
|    builtin and then its argument prototype would still apply.  */
| #ifdef __cplusplus
| extern "C"
| #endif
| char cheev_ ();
| /* The GNU C library defines this for functions which it implements
|     to always fail with ENOSYS.  Some functions are actually named
|     something starting with __ and the normal name is an alias.  */
| #if defined __stub_cheev_ || defined __stub___cheev_
| choke me
| #endif
| 
| int
| main ()
| {
| return cheev_ ();
|   ;
|   return 0;
| }
configure:20204: result: no
configure:20218: checking for cheev_ in -lmkl_lapack32
configure:20251: g++ -o conftest    conftest.cpp -lmkl_lapack32 -lmkl_lapack64 -lblas  >&5
ld: library not found for -lmkl_lapack32
collect2: ld returned 1 exit status
configure:20251: $? = 1
configure: failed program was:
| /* confdefs.h */
| #define PACKAGE_NAME "IT++"
| #define PACKAGE_TARNAME "itpp"
| #define PACKAGE_VERSION "4.2"
| #define PACKAGE_STRING "IT++ 4.2"
| #define PACKAGE_BUGREPORT "http://sourceforge.net/projects/itpp/forums/forum/115656"
| #define PACKAGE_URL ""
| #define PACKAGE "itpp"
| #define VERSION "4.2"
| #define STDC_HEADERS 1
| #define HAVE_SYS_TYPES_H 1
| #define HAVE_SYS_STAT_H 1
| #define HAVE_STDLIB_H 1
| #define HAVE_STRING_H 1
| #define HAVE_MEMORY_H 1
| #define HAVE_STRINGS_H 1
| #define HAVE_INTTYPES_H 1
| #define HAVE_STDINT_H 1
| #define HAVE_UNISTD_H 1
| #define HAVE_DLFCN_H 1
| #define LT_OBJDIR ".libs/"
| #define TIME_WITH_SYS_TIME 1
| #define HAVE_CMATH 1
| #define HAVE_COMPLEX 1
| #define HAVE_DECL_SIGNGAM 1
| #define HAVE_DECL_ISFINITE 0
| #define HAVE_DECL_ISINF 0
| #define HAVE_DECL_ISNAN 0
| #define HAVE_STD_ISFINITE 1
| #define HAVE_STD_ISINF 1
| #define HAVE_STD_ISNAN 1
| #define HAVE_ASINH 1
| #define HAVE_ACOSH 1
| #define HAVE_ATANH 1
| #define HAVE_CBRT 1
| #define HAVE_ERF 1
| #define HAVE_ERFC 1
| #define HAVE_EXPM1 1
| #define HAVE_FINITE 1
| #define HAVE_ISINF 1
| #define HAVE_ISNAN 1
| #define HAVE_LGAMMA 1
| #define HAVE_LOG1P 1
| #define HAVE_LOG2 1
| #define HAVE_RINT 1
| #define HAVE_TGAMMA 1
| #define HAVE_BLAS 1
| /* end confdefs.h.  */
| 
| /* Override any GCC internal prototype to avoid an error.
|    Use char because int might match the return type of a GCC
|    builtin and then its argument prototype would still apply.  */
| #ifdef __cplusplus
| extern "C"
| #endif
| char cheev_ ();
| #ifdef F77_DUMMY_MAIN
| 
| #  ifdef __cplusplus
|      extern "C"
| #  endif
|    int F77_DUMMY_MAIN() { return 1; }
| 
| #endif
| int
| main ()
| {
| return cheev_ ();
|   ;
|   return 0;
| }
configure:20261: result: no
configure:20268: checking for cheev_ in -lmkl_lapack
configure:20301: g++ -o conftest    conftest.cpp -lmkl_lapack  -lblas  >&5
ld: library not found for -lmkl_lapack
collect2: ld returned 1 exit status
configure:20301: $? = 1
configure: failed program was:
| /* confdefs.h */
| #define PACKAGE_NAME "IT++"
| #define PACKAGE_TARNAME "itpp"
| #define PACKAGE_VERSION "4.2"
| #define PACKAGE_STRING "IT++ 4.2"
| #define PACKAGE_BUGREPORT "http://sourceforge.net/projects/itpp/forums/forum/115656"
| #define PACKAGE_URL ""
| #define PACKAGE "itpp"
| #define VERSION "4.2"
| #define STDC_HEADERS 1
| #define HAVE_SYS_TYPES_H 1
| #define HAVE_SYS_STAT_H 1
| #define HAVE_STDLIB_H 1
| #define HAVE_STRING_H 1
| #define HAVE_MEMORY_H 1
| #define HAVE_STRINGS_H 1
| #define HAVE_INTTYPES_H 1
| #define HAVE_STDINT_H 1
| #define HAVE_UNISTD_H 1
| #define HAVE_DLFCN_H 1
| #define LT_OBJDIR ".libs/"
| #define TIME_WITH_SYS_TIME 1
| #define HAVE_CMATH 1
| #define HAVE_COMPLEX 1
| #define HAVE_DECL_SIGNGAM 1
| #define HAVE_DECL_ISFINITE 0
| #define HAVE_DECL_ISINF 0
| #define HAVE_DECL_ISNAN 0
| #define HAVE_STD_ISFINITE 1
| #define HAVE_STD_ISINF 1
| #define HAVE_STD_ISNAN 1
| #define HAVE_ASINH 1
| #define HAVE_ACOSH 1
| #define HAVE_ATANH 1
| #define HAVE_CBRT 1
| #define HAVE_ERF 1
| #define HAVE_ERFC 1
| #define HAVE_EXPM1 1
| #define HAVE_FINITE 1
| #define HAVE_ISINF 1
| #define HAVE_ISNAN 1
| #define HAVE_LGAMMA 1
| #define HAVE_LOG1P 1
| #define HAVE_LOG2 1
| #define HAVE_RINT 1
| #define HAVE_TGAMMA 1
| #define HAVE_BLAS 1
| /* end confdefs.h.  */
| 
| /* Override any GCC internal prototype to avoid an error.
|    Use char because int might match the return type of a GCC
|    builtin and then its argument prototype would still apply.  */
| #ifdef __cplusplus
| extern "C"
| #endif
| char cheev_ ();
| #ifdef F77_DUMMY_MAIN
| 
| #  ifdef __cplusplus
|      extern "C"
| #  endif
|    int F77_DUMMY_MAIN() { return 1; }
| 
| #endif
| int
| main ()
| {
| return cheev_ ();
|   ;
|   return 0;
| }
configure:20311: result: no
configure:20328: checking for cheev_ in -llapack
configure:20361: g++ -o conftest    conftest.cpp -llapack  -lblas  >&5
configure:20361: $? = 0
configure:20371: result: yes
configure:21125: creating ./config.status

## ---------------------- ##
## Running config.status. ##
## ---------------------- ##

This file was extended by IT++ config.status 4.2, which was
generated by GNU Autoconf 2.65.  Invocation command line was

  CONFIG_FILES    = 
  CONFIG_HEADERS  = 
  CONFIG_LINKS    = 
  CONFIG_COMMANDS = 
  $ ./config.status 

on sunkai.local

config.status:1268: creating Makefile
config.status:1268: creating itpp/Makefile
config.status:1268: creating itpp/base/Makefile
config.status:1268: creating itpp/base/algebra/Makefile
config.status:1268: creating itpp/base/bessel/Makefile
config.status:1268: creating itpp/base/math/Makefile
config.status:1268: creating itpp/comm/Makefile
config.status:1268: creating itpp/fixed/Makefile
config.status:1268: creating itpp/optim/Makefile
config.status:1268: creating itpp/protocol/Makefile
config.status:1268: creating itpp/signal/Makefile
config.status:1268: creating itpp/srccode/Makefile
config.status:1268: creating itpp/stat/Makefile
config.status:1268: creating doc/Makefile
config.status:1268: creating doc/images/Makefile
config.status:1268: creating doc/tutorial/Makefile
config.status:1268: creating doc/tutorial/src/Makefile
config.status:1268: creating doc/local/Makefile
config.status:1268: creating doc/local/index.doc
config.status:1268: creating doc/doxygen_html.cfg
config.status:1268: creating extras/Makefile
config.status:1268: creating tests/Makefile
config.status:1268: creating win32/Makefile
config.status:1268: creating win32/itpp_acml_tests/Makefile
config.status:1268: creating win32/itpp_mkl_tests/Makefile
config.status:1268: creating itpp.pc
config.status:1268: creating itpp_debug.pc
config.status:1268: creating itpp-config
config.status:1268: creating itpp/config.h
config.status:1488: executing depfiles commands
config.status:1488: executing libtool commands
configure:23918: displaying configuration summary

------------------------------------------------------------------------------
itpp-4.2 library configuration:
------------------------------------------------------------------------------

Directories:
  - prefix ......... : /usr/local
  - exec_prefix .... : ${prefix}
  - includedir ..... : ${prefix}/include
  - libdir ......... : ${exec_prefix}/lib
  - datarootdir .... : ${prefix}/share
  - docdir ......... : ${datarootdir}/doc/${PACKAGE_TARNAME}

Switches:
  - debug .......... : no
  - exceptions ..... : no
  - html-doc ....... : no
  - shared ......... : yes
  - static ......... : no
  - explicit deps .. : yes

Documentation tools:
  - doxygen ........ : no
  - latex .......... : no
  - dvips .......... : no
  - ghostscript .... : no

Testing tools:
  - diff ........... : yes

Optional modules:
  - comm ........... : yes
  - fixed .......... : yes
  - optim .......... : yes
  - protocol ....... : yes
  - signal ......... : yes
  - srccode ........ : yes

External libs:
  - BLAS ........... : yes
    * MKL .......... : no
    * ACML ......... : no
    * ATLAS ........ : no
  - LAPACK ......... : yes
  - FFT ............ : disabled
    * MKL .......... : no
    * ACML ......... : no
    * FFTW ......... : no

Compiler/linker flags/libs/defs:
  - CXX ............ : g++
  - F77 ............ : g95
  - CXXFLAGS ....... : -DNDEBUG -O3 -pipe
  - CXXFLAGS_DEBUG . : -Wall -ggdb -pipe
  - CPPFLAGS ....... : 
  - LDFLAGS ........ : 
  - LIBS ........... : -llapack -lblas

------------------------------------------------------------------------------
Now type 'make && make install' to build and install itpp-4.2 library
------------------------------------------------------------------------------


## ---------------- ##
## Cache variables. ##
## ---------------- ##

ac_cv_build=i386-apple-darwin12.2.1
ac_cv_c_compiler_gnu=yes
ac_cv_cxx_compiler_gnu=yes
ac_cv_env_CCC_set=
ac_cv_env_CCC_value=
ac_cv_env_CC_set=
ac_cv_env_CC_value=
ac_cv_env_CFLAGS_set=
ac_cv_env_CFLAGS_value=
ac_cv_env_CPPFLAGS_set=
ac_cv_env_CPPFLAGS_value=
ac_cv_env_CPP_set=
ac_cv_env_CPP_value=
ac_cv_env_CXXCPP_set=
ac_cv_env_CXXCPP_value=
ac_cv_env_CXXFLAGS_DEBUG_set=
ac_cv_env_CXXFLAGS_DEBUG_value=
ac_cv_env_CXXFLAGS_set=
ac_cv_env_CXXFLAGS_value=
ac_cv_env_CXX_set=
ac_cv_env_CXX_value=
ac_cv_env_F77_set=
ac_cv_env_F77_value=
ac_cv_env_FFLAGS_set=
ac_cv_env_FFLAGS_value=
ac_cv_env_LDFLAGS_set=
ac_cv_env_LDFLAGS_value=
ac_cv_env_LIBS_set=
ac_cv_env_LIBS_value=
ac_cv_env_build_alias_set=
ac_cv_env_build_alias_value=
ac_cv_env_host_alias_set=
ac_cv_env_host_alias_value=
ac_cv_env_target_alias_set=
ac_cv_env_target_alias_value=
ac_cv_f77_compiler_gnu=yes
ac_cv_f77_dummy_main=none
ac_cv_f77_libs=' -L/opt/local/bin/../lib/g95/x86_64-apple-darwin12/4.2.4/ -L/opt/local/bin/../lib/g95/x86_64-apple-darwin12/4.2.4 -L/opt/local/lib/g95/x86_64-apple-darwin12/4.2.4/ -L/opt/local/bin/../lib/g95/x86_64-apple-darwin12/4.2.4/// -L/opt/local/lib/g95/x86_64-apple-darwin12/4.2.4/// -L/usr/lib// -lf95 -lm'
ac_cv_f77_mangling='lower case, underscore, extra underscore'
ac_cv_fortran_dummy_main=none
ac_cv_func_acosh=yes
ac_cv_func_asinh=yes
ac_cv_func_atanh=yes
ac_cv_func_cbrt=yes
ac_cv_func_cheev_=no
ac_cv_func_erf=yes
ac_cv_func_erfc=yes
ac_cv_func_expm1=yes
ac_cv_func_finite=yes
ac_cv_func_fpclass=no
ac_cv_func_isfinite=no
ac_cv_func_isinf=yes
ac_cv_func_isnan=yes
ac_cv_func_lgamma=yes
ac_cv_func_log1p=yes
ac_cv_func_log2=yes
ac_cv_func_rint=yes
ac_cv_func_tgamma=yes
ac_cv_have_decl_isfinite=no
ac_cv_have_decl_isinf=no
ac_cv_have_decl_isnan=no
ac_cv_have_decl_signgam=yes
ac_cv_header_cmath=yes
ac_cv_header_complex=yes
ac_cv_header_dlfcn_h=yes
ac_cv_header_ieeefp_h=no
ac_cv_header_inttypes_h=yes
ac_cv_header_memory_h=yes
ac_cv_header_stdc=yes
ac_cv_header_stdint_h=yes
ac_cv_header_stdlib_h=yes
ac_cv_header_string_h=yes
ac_cv_header_strings_h=yes
ac_cv_header_sys_stat_h=yes
ac_cv_header_sys_types_h=yes
ac_cv_header_time=yes
ac_cv_header_unistd_h=yes
ac_cv_host=i386-apple-darwin12.2.1
ac_cv_lib_acml_dgemm_=no
ac_cv_lib_acml_mp_dgemm_=no
ac_cv_lib_acml_mp_sgemm_=no
ac_cv_lib_acml_sgemm_=no
ac_cv_lib_atlas_ATL_xerbla=no
ac_cv_lib_blas_sgemm_=yes
ac_cv_lib_lapack___cheev_=yes
ac_cv_lib_mkl_core_dgemm_=no
ac_cv_lib_mkl_core_sgemm_=no
ac_cv_lib_mkl_lapack32_cheev_=no
ac_cv_lib_mkl_lapack_cheev_=no
ac_cv_objext=o
ac_cv_path_DIFF=/usr/bin/diff
ac_cv_path_EGREP='/usr/bin/grep -E'
ac_cv_path_FGREP='/usr/bin/grep -F'
ac_cv_path_GREP=/usr/bin/grep
ac_cv_path_PERL=/opt/local/bin/perl
ac_cv_path_SED=/opt/local/bin/gsed
ac_cv_path_install='/usr/bin/install -c'
ac_cv_prog_AWK=gawk
ac_cv_prog_CPP='gcc -E'
ac_cv_prog_CXXCPP='g++ -E'
ac_cv_prog_ac_ct_AR=ar
ac_cv_prog_ac_ct_CC=gcc
ac_cv_prog_ac_ct_CXX=g++
ac_cv_prog_ac_ct_DSYMUTIL=dsymutil
ac_cv_prog_ac_ct_F77=g95
ac_cv_prog_ac_ct_LIPO=lipo
ac_cv_prog_ac_ct_NMEDIT=nmedit
ac_cv_prog_ac_ct_OTOOL=otool
ac_cv_prog_ac_ct_RANLIB=ranlib
ac_cv_prog_ac_ct_STRIP=strip
ac_cv_prog_cc_c89=
ac_cv_prog_cc_g=yes
ac_cv_prog_cxx_g=yes
ac_cv_prog_doxygen_ok=no
ac_cv_prog_dvips_ok=no
ac_cv_prog_f77_g=yes
ac_cv_prog_f77_v=-v
ac_cv_prog_gs_ok=no
ac_cv_prog_latex_ok=no
ac_cv_prog_make_make_set=yes
am_cv_CC_dependencies_compiler_type=gcc3
am_cv_CXX_dependencies_compiler_type=gcc3
lt_cv_apple_cc_single_mod=yes
lt_cv_deplibs_check_method=pass_all
lt_cv_file_magic_cmd='$MAGIC_CMD'
lt_cv_file_magic_test_file=
lt_cv_ld_exported_symbols_list=yes
lt_cv_ld_reload_flag=-r
lt_cv_nm_interface='BSD nm'
lt_cv_objdir=.libs
lt_cv_path_LD=/usr/llvm-gcc-4.2/libexec/gcc/i686-apple-darwin11/4.2.1/ld
lt_cv_path_LDCXX=/usr/llvm-gcc-4.2/libexec/gcc/i686-apple-darwin11/4.2.1/ld
lt_cv_path_NM=/opt/local/bin/nm
lt_cv_prog_compiler_c_o=yes
lt_cv_prog_compiler_c_o_CXX=yes
lt_cv_prog_compiler_c_o_F77=yes
lt_cv_prog_compiler_pic_works=yes
lt_cv_prog_compiler_pic_works_CXX=yes
lt_cv_prog_compiler_pic_works_F77=yes
lt_cv_prog_compiler_rtti_exceptions=no
lt_cv_prog_compiler_static_works=no
lt_cv_prog_compiler_static_works_CXX=no
lt_cv_prog_compiler_static_works_F77=no
lt_cv_prog_gnu_ld=no
lt_cv_prog_gnu_ldcxx=no
lt_cv_sys_global_symbol_pipe='sed -n -e '\''s/^.*[	 ]\([BCDEGRST][BCDEGRST]*\)[	 ][	 ]*_\([_A-Za-z][_A-Za-z0-9]*\)$/\1 _\2 \2/p'\'''
lt_cv_sys_global_symbol_to_c_name_address='sed -n -e '\''s/^: \([^ ]*\) $/  {\"\1\", (void *) 0},/p'\'' -e '\''s/^[BCDEGRST]* \([^ ]*\) \([^ ]*\)$/  {"\2", (void *) \&\2},/p'\'''
lt_cv_sys_global_symbol_to_c_name_address_lib_prefix='sed -n -e '\''s/^: \([^ ]*\) $/  {\"\1\", (void *) 0},/p'\'' -e '\''s/^[BCDEGRST]* \([^ ]*\) \(lib[^ ]*\)$/  {"\2", (void *) \&\2},/p'\'' -e '\''s/^[BCDEGRST]* \([^ ]*\) \([^ ]*\)$/  {"lib\2", (void *) \&\2},/p'\'''
lt_cv_sys_global_symbol_to_cdecl='sed -n -e '\''s/^T .* \(.*\)$/extern int \1();/p'\'' -e '\''s/^[BCDEGRST]* .* \(.*\)$/extern char \1;/p'\'''
lt_cv_sys_max_cmd_len=196608

## ----------------- ##
## Output variables. ##
## ----------------- ##

ACLOCAL='${SHELL} /Users/sunkai/itpp-4.2/build-aux/missing --run aclocal-1.11'
AMDEPBACKSLASH='\'
AMDEP_FALSE='#'
AMDEP_TRUE=''
AMTAR='${SHELL} /Users/sunkai/itpp-4.2/build-aux/missing --run tar'
AR='ar'
AUTOCONF='${SHELL} /Users/sunkai/itpp-4.2/build-aux/missing --run autoconf'
AUTOHEADER='${SHELL} /Users/sunkai/itpp-4.2/build-aux/missing --run autoheader'
AUTOMAKE='${SHELL} /Users/sunkai/itpp-4.2/build-aux/missing --run automake-1.11'
AWK='gawk'
BLAS_LIBS='-lblas'
CC='gcc'
CCDEPMODE='depmode=gcc3'
CFLAGS='-g -O2'
CPP='gcc -E'
CPPFLAGS=''
CXX='g++'
CXXCPP='g++ -E'
CXXDEPMODE='depmode=gcc3'
CXXFLAGS=''
CXXFLAGS_DEBUG='-Wall -ggdb -pipe'
CXXFLAGS_OPT='-DNDEBUG -O3 -pipe'
CYGPATH_W='echo'
DEFS='-DHAVE_CONFIG_H'
DEPDIR='.deps'
DIFF='/usr/bin/diff'
DSYMUTIL='dsymutil'
DUMPBIN=''
ECHO_C='\c'
ECHO_N=''
ECHO_T=''
EGREP='/usr/bin/grep -E'
ENABLE_COMM_FALSE='#'
ENABLE_COMM_TRUE=''
ENABLE_DEBUG_FALSE=''
ENABLE_DEBUG_TRUE='#'
ENABLE_FIXED_FALSE='#'
ENABLE_FIXED_TRUE=''
ENABLE_OPTIM_FALSE='#'
ENABLE_OPTIM_TRUE=''
ENABLE_PROTOCOL_FALSE='#'
ENABLE_PROTOCOL_TRUE=''
ENABLE_SIGNAL_FALSE='#'
ENABLE_SIGNAL_TRUE=''
ENABLE_SRCCODE_FALSE='#'
ENABLE_SRCCODE_TRUE=''
EXEEXT=''
EXPLICIT_LIBS=' -llapack -lblas'
F77='g95'
FFLAGS='-g -O2'
FFT_LIBS=''
FGREP='/usr/bin/grep -F'
FLIBS=' -L/opt/local/bin/../lib/g95/x86_64-apple-darwin12/4.2.4/ -L/opt/local/bin/../lib/g95/x86_64-apple-darwin12/4.2.4 -L/opt/local/lib/g95/x86_64-apple-darwin12/4.2.4/ -L/opt/local/bin/../lib/g95/x86_64-apple-darwin12/4.2.4/// -L/opt/local/lib/g95/x86_64-apple-darwin12/4.2.4/// -L/usr/lib// -lf95 -lm'
GENERIC_LIBRARY_VERSION='7:0:0'
GREP='/usr/bin/grep'
HTML_DOC_FALSE=''
HTML_DOC_TRUE='#'
INSTALL_DATA='${INSTALL} -m 644'
INSTALL_PROGRAM='${INSTALL}'
INSTALL_SCRIPT='${INSTALL}'
INSTALL_STRIP_PROGRAM='$(install_sh) -c -s'
LAPACK_LIBS='-llapack'
LD='/usr/llvm-gcc-4.2/libexec/gcc/i686-apple-darwin11/4.2.1/ld'
LDFLAGS=''
LIBOBJS=''
LIBS='-llapack -lblas'
LIBTOOL='$(SHELL) $(top_builddir)/libtool'
LIPO='lipo'
LN_S='ln -s'
LTLIBOBJS=''
MAKEINFO='${SHELL} /Users/sunkai/itpp-4.2/build-aux/missing --run makeinfo'
MKDIR_P='build-aux/install-sh -c -d'
NM='/opt/local/bin/nm'
NMEDIT='nmedit'
NO_UNDEFINED=''
OBJDUMP='false'
OBJEXT='o'
OTOOL64=':'
OTOOL='otool'
PACKAGE='itpp'
PACKAGE_BUGREPORT='http://sourceforge.net/projects/itpp/forums/forum/115656'
PACKAGE_DEBUG='itpp'
PACKAGE_NAME='IT++'
PACKAGE_STRING='IT++ 4.2'
PACKAGE_TARNAME='itpp'
PACKAGE_URL=''
PACKAGE_VERSION='4.2'
PATH_SEPARATOR=':'
PERL='/opt/local/bin/perl'
PRIVATE_LIBS=''
RANLIB='ranlib'
RUN_FFT_TESTS_FALSE=''
RUN_FFT_TESTS_TRUE='#'
RUN_LAPACK_TESTS_FALSE='#'
RUN_LAPACK_TESTS_TRUE=''
RUN_TESTS_FALSE='#'
RUN_TESTS_TRUE=''
SED='/opt/local/bin/gsed'
SET_MAKE=''
SHELL='/bin/sh'
STRIP='strip'
VERSION='4.2'
ac_ct_CC='gcc'
ac_ct_CXX='g++'
ac_ct_DUMPBIN=''
ac_ct_F77='g95'
am__EXEEXT_FALSE=''
am__EXEEXT_TRUE='#'
am__fastdepCC_FALSE='#'
am__fastdepCC_TRUE=''
am__fastdepCXX_FALSE='#'
am__fastdepCXX_TRUE=''
am__include='include'
am__isrc=''
am__leading_dot='.'
am__quote=''
am__tar='${AMTAR} chof - "$$tardir"'
am__untar='${AMTAR} xf -'
bindir='${exec_prefix}/bin'
build='i386-apple-darwin12.2.1'
build_alias=''
build_cpu='i386'
build_os='darwin12.2.1'
build_vendor='apple'
datadir='${datarootdir}'
datarootdir='${prefix}/share'
docdir='${datarootdir}/doc/${PACKAGE_TARNAME}'
doxygen_ok='no'
dvidir='${docdir}'
dvips_ok='no'
exec_prefix='${prefix}'
gs_ok='no'
host='i386-apple-darwin12.2.1'
host_alias=''
host_cpu='i386'
host_os='darwin12.2.1'
host_vendor='apple'
htmldir='${docdir}'
includedir='${prefix}/include'
infodir='${datarootdir}/info'
install_sh='${SHELL} /Users/sunkai/itpp-4.2/build-aux/install-sh'
latex_ok='no'
libdir='${exec_prefix}/lib'
libexecdir='${exec_prefix}/libexec'
localedir='${datarootdir}/locale'
localstatedir='${prefix}/var'
lt_ECHO='/bin/echo'
mandir='${datarootdir}/man'
mkdir_p='$(top_builddir)/build-aux/install-sh -c -d'
oldincludedir='/usr/include'
pdfdir='${docdir}'
prefix='/usr/local'
program_transform_name='s,x,x,'
psdir='${docdir}'
sbindir='${exec_prefix}/sbin'
sharedstatedir='${prefix}/com'
sysconfdir='${prefix}/etc'
target_alias=''

## ----------- ##
## confdefs.h. ##
## ----------- ##

/* confdefs.h */
#define PACKAGE_NAME "IT++"
#define PACKAGE_TARNAME "itpp"
#define PACKAGE_VERSION "4.2"
#define PACKAGE_STRING "IT++ 4.2"
#define PACKAGE_BUGREPORT "http://sourceforge.net/projects/itpp/forums/forum/115656"
#define PACKAGE_URL ""
#define PACKAGE "itpp"
#define VERSION "4.2"
#define STDC_HEADERS 1
#define HAVE_SYS_TYPES_H 1
#define HAVE_SYS_STAT_H 1
#define HAVE_STDLIB_H 1
#define HAVE_STRING_H 1
#define HAVE_MEMORY_H 1
#define HAVE_STRINGS_H 1
#define HAVE_INTTYPES_H 1
#define HAVE_STDINT_H 1
#define HAVE_UNISTD_H 1
#define HAVE_DLFCN_H 1
#define LT_OBJDIR ".libs/"
#define TIME_WITH_SYS_TIME 1
#define HAVE_CMATH 1
#define HAVE_COMPLEX 1
#define HAVE_DECL_SIGNGAM 1
#define HAVE_DECL_ISFINITE 0
#define HAVE_DECL_ISINF 0
#define HAVE_DECL_ISNAN 0
#define HAVE_STD_ISFINITE 1
#define HAVE_STD_ISINF 1
#define HAVE_STD_ISNAN 1
#define HAVE_ASINH 1
#define HAVE_ACOSH 1
#define HAVE_ATANH 1
#define HAVE_CBRT 1
#define HAVE_ERF 1
#define HAVE_ERFC 1
#define HAVE_EXPM1 1
#define HAVE_FINITE 1
#define HAVE_ISINF 1
#define HAVE_ISNAN 1
#define HAVE_LGAMMA 1
#define HAVE_LOG1P 1
#define HAVE_LOG2 1
#define HAVE_RINT 1
#define HAVE_TGAMMA 1
#define HAVE_BLAS 1
#define HAVE_LAPACK 1

configure: exit 0
